mode: set
github.com/Azure/gocover/pkg/gocover/executor.go:27.80,29.16 2 0
github.com/Azure/gocover/pkg/gocover/executor.go:33.2,33.23 1 0
github.com/Azure/gocover/pkg/gocover/executor.go:41.2,41.24 1 0
github.com/Azure/gocover/pkg/gocover/executor.go:29.16,31.3 1 0
github.com/Azure/gocover/pkg/gocover/executor.go:33.23,35.17 2 0
github.com/Azure/gocover/pkg/gocover/executor.go:38.3,38.20 1 0
github.com/Azure/gocover/pkg/gocover/executor.go:35.17,37.4 1 0
github.com/Azure/gocover/pkg/gocover/executor.go:42.18,54.9 1 0
github.com/Azure/gocover/pkg/gocover/executor.go:55.22,68.9 1 0
github.com/Azure/gocover/pkg/gocover/executor.go:69.10,70.75 1 0
github.com/Azure/gocover/pkg/gocover/executor.go:90.64,108.34 10 0
github.com/Azure/gocover/pkg/gocover/executor.go:113.2,114.16 2 0
github.com/Azure/gocover/pkg/gocover/executor.go:118.2,121.41 3 0
github.com/Azure/gocover/pkg/gocover/executor.go:126.2,126.12 1 0
github.com/Azure/gocover/pkg/gocover/executor.go:108.34,111.3 2 0
github.com/Azure/gocover/pkg/gocover/executor.go:114.16,116.3 1 0
github.com/Azure/gocover/pkg/gocover/executor.go:121.41,125.3 3 0
github.com/Azure/gocover/pkg/gocover/executor.go:142.61,144.16 2 0
github.com/Azure/gocover/pkg/gocover/executor.go:148.2,149.16 2 0
github.com/Azure/gocover/pkg/gocover/executor.go:153.2,154.31 2 0
github.com/Azure/gocover/pkg/gocover/executor.go:158.2,159.16 2 0
github.com/Azure/gocover/pkg/gocover/executor.go:163.2,164.16 2 0
github.com/Azure/gocover/pkg/gocover/executor.go:168.2,169.41 2 0
github.com/Azure/gocover/pkg/gocover/executor.go:175.2,175.31 1 0
github.com/Azure/gocover/pkg/gocover/executor.go:180.2,180.12 1 0
github.com/Azure/gocover/pkg/gocover/executor.go:144.16,146.3 1 0
github.com/Azure/gocover/pkg/gocover/executor.go:149.16,151.3 1 0
github.com/Azure/gocover/pkg/gocover/executor.go:154.31,156.3 1 0
github.com/Azure/gocover/pkg/gocover/executor.go:159.16,161.3 1 0
github.com/Azure/gocover/pkg/gocover/executor.go:164.16,166.3 1 0
github.com/Azure/gocover/pkg/gocover/executor.go:169.41,173.3 3 0
github.com/Azure/gocover/pkg/gocover/executor.go:175.31,178.3 2 0
github.com/Azure/gocover/pkg/gocover/executor.go:183.83,186.16 3 0
github.com/Azure/gocover/pkg/gocover/executor.go:189.2,192.34 3 0
github.com/Azure/gocover/pkg/gocover/executor.go:206.2,206.20 1 0
github.com/Azure/gocover/pkg/gocover/executor.go:186.16,188.3 1 0
github.com/Azure/gocover/pkg/gocover/executor.go:192.34,194.17 2 0
github.com/Azure/gocover/pkg/gocover/executor.go:197.3,200.16 3 0
github.com/Azure/gocover/pkg/gocover/executor.go:203.3,203.13 1 0
github.com/Azure/gocover/pkg/gocover/executor.go:194.17,196.4 1 0
github.com/Azure/gocover/pkg/gocover/executor.go:200.16,202.4 1 0
github.com/Azure/gocover/pkg/gocover/executor.go:209.73,226.39 11 0
github.com/Azure/gocover/pkg/gocover/executor.go:230.2,233.38 3 0
github.com/Azure/gocover/pkg/gocover/executor.go:238.2,247.37 9 0
github.com/Azure/gocover/pkg/gocover/executor.go:251.2,253.12 2 0
github.com/Azure/gocover/pkg/gocover/executor.go:226.39,229.3 2 0
github.com/Azure/gocover/pkg/gocover/executor.go:233.38,234.56 1 0
github.com/Azure/gocover/pkg/gocover/executor.go:234.56,236.4 1 0
github.com/Azure/gocover/pkg/gocover/executor.go:247.37,250.3 2 0
github.com/Azure/gocover/pkg/gocover/executor.go:256.54,257.46 1 0
github.com/Azure/gocover/pkg/gocover/executor.go:261.2,261.16 1 0
github.com/Azure/gocover/pkg/gocover/executor.go:264.2,264.19 1 0
github.com/Azure/gocover/pkg/gocover/executor.go:257.46,260.3 1 0
github.com/Azure/gocover/pkg/gocover/executor.go:261.16,263.3 1 0
github.com/Azure/gocover/pkg/gocover/executor.go:267.64,269.80 2 0
github.com/Azure/gocover/pkg/gocover/executor.go:275.2,275.19 1 0
github.com/Azure/gocover/pkg/gocover/executor.go:269.80,270.15 1 0
github.com/Azure/gocover/pkg/gocover/executor.go:273.3,273.13 1 0
github.com/Azure/gocover/pkg/gocover/executor.go:270.15,272.4 1 0
github.com/Azure/gocover/pkg/gocover/executor.go:278.21,280.31 2 0
github.com/Azure/gocover/pkg/gocover/executor.go:283.2,284.41 2 0
github.com/Azure/gocover/pkg/gocover/executor.go:287.2,287.13 1 0
github.com/Azure/gocover/pkg/gocover/executor.go:280.31,282.3 1 0
github.com/Azure/gocover/pkg/gocover/executor.go:284.41,286.3 1 0
github.com/Azure/gocover/pkg/gocover/executor.go:290.25,292.31 2 0
github.com/Azure/gocover/pkg/gocover/executor.go:295.2,296.41 2 0
github.com/Azure/gocover/pkg/gocover/executor.go:299.2,299.17 1 0
github.com/Azure/gocover/pkg/gocover/executor.go:292.31,294.3 1 0
github.com/Azure/gocover/pkg/gocover/executor.go:296.41,298.3 1 0
github.com/Azure/gocover/pkg/gocover/executor.go:307.20,308.14 1 0
github.com/Azure/gocover/pkg/gocover/executor.go:309.20,322.5 1 0
github.com/Azure/gocover/pkg/gocover/executor.go:323.20,338.5 1 0
github.com/Azure/gocover/pkg/gocover/executor.go:339.10,340.37 1 0
github.com/Azure/gocover/pkg/dbclient/client.go:64.37,65.30 1 0
github.com/Azure/gocover/pkg/dbclient/client.go:69.2,69.23 1 0
github.com/Azure/gocover/pkg/dbclient/client.go:72.2,72.61 1 0
github.com/Azure/gocover/pkg/dbclient/client.go:65.30,67.3 1 0
github.com/Azure/gocover/pkg/dbclient/client.go:69.23,71.3 1 0
github.com/Azure/gocover/pkg/dbclient/client.go:75.77,76.18 1 0
github.com/Azure/gocover/pkg/dbclient/client.go:77.13,79.40 2 0
github.com/Azure/gocover/pkg/dbclient/client.go:80.10,81.67 1 0
github.com/Azure/gocover/pkg/dbclient/kusto.go:37.60,44.16 3 0
github.com/Azure/gocover/pkg/dbclient/kusto.go:48.2,49.16 2 0
github.com/Azure/gocover/pkg/dbclient/kusto.go:53.2,56.16 2 0
github.com/Azure/gocover/pkg/dbclient/kusto.go:60.2,66.8 1 0
github.com/Azure/gocover/pkg/dbclient/kusto.go:44.16,46.3 1 0
github.com/Azure/gocover/pkg/dbclient/kusto.go:49.16,51.3 1 0
github.com/Azure/gocover/pkg/dbclient/kusto.go:56.16,58.3 1 0
github.com/Azure/gocover/pkg/dbclient/kusto.go:81.103,83.16 2 0
github.com/Azure/gocover/pkg/dbclient/kusto.go:87.2,87.25 1 0
github.com/Azure/gocover/pkg/dbclient/kusto.go:100.2,100.37 1 0
github.com/Azure/gocover/pkg/dbclient/kusto.go:103.2,103.15 1 0
github.com/Azure/gocover/pkg/dbclient/kusto.go:108.2,110.16 3 0
github.com/Azure/gocover/pkg/dbclient/kusto.go:114.2,121.12 3 0
github.com/Azure/gocover/pkg/dbclient/kusto.go:83.16,85.3 1 0
github.com/Azure/gocover/pkg/dbclient/kusto.go:87.25,90.17 3 0
github.com/Azure/gocover/pkg/dbclient/kusto.go:93.3,93.49 1 0
github.com/Azure/gocover/pkg/dbclient/kusto.go:96.3,96.53 1 0
github.com/Azure/gocover/pkg/dbclient/kusto.go:90.17,92.4 1 0
github.com/Azure/gocover/pkg/dbclient/kusto.go:93.49,95.4 1 0
github.com/Azure/gocover/pkg/dbclient/kusto.go:96.53,98.4 1 0
github.com/Azure/gocover/pkg/dbclient/kusto.go:100.37,102.3 1 0
github.com/Azure/gocover/pkg/dbclient/kusto.go:103.15,106.3 2 0
github.com/Azure/gocover/pkg/dbclient/kusto.go:110.16,112.3 1 0
github.com/Azure/gocover/pkg/dbclient/kusto.go:124.113,126.16 2 0
github.com/Azure/gocover/pkg/dbclient/kusto.go:130.2,130.25 1 0
github.com/Azure/gocover/pkg/dbclient/kusto.go:143.2,143.37 1 0
github.com/Azure/gocover/pkg/dbclient/kusto.go:146.2,146.15 1 0
github.com/Azure/gocover/pkg/dbclient/kusto.go:151.2,153.16 3 0
github.com/Azure/gocover/pkg/dbclient/kusto.go:157.2,163.12 3 0
github.com/Azure/gocover/pkg/dbclient/kusto.go:126.16,128.3 1 0
github.com/Azure/gocover/pkg/dbclient/kusto.go:130.25,133.17 3 0
github.com/Azure/gocover/pkg/dbclient/kusto.go:136.3,136.49 1 0
github.com/Azure/gocover/pkg/dbclient/kusto.go:139.3,139.53 1 0
github.com/Azure/gocover/pkg/dbclient/kusto.go:133.17,135.4 1 0
github.com/Azure/gocover/pkg/dbclient/kusto.go:136.49,138.4 1 0
github.com/Azure/gocover/pkg/dbclient/kusto.go:139.53,141.4 1 0
github.com/Azure/gocover/pkg/dbclient/kusto.go:143.37,145.3 1 0
github.com/Azure/gocover/pkg/dbclient/kusto.go:146.15,149.3 2 0
github.com/Azure/gocover/pkg/dbclient/kusto.go:153.16,155.3 1 0
github.com/Azure/gocover/pkg/dbclient/kusto.go:166.93,169.16 3 0
github.com/Azure/gocover/pkg/dbclient/kusto.go:172.2,178.16 2 0
github.com/Azure/gocover/pkg/dbclient/kusto.go:181.2,181.12 1 0
github.com/Azure/gocover/pkg/dbclient/kusto.go:169.16,171.3 1 0
github.com/Azure/gocover/pkg/dbclient/kusto.go:178.16,180.3 1 0
github.com/Azure/gocover/pkg/dbclient/kusto.go:184.103,187.16 3 0
github.com/Azure/gocover/pkg/dbclient/kusto.go:190.2,196.16 2 0
github.com/Azure/gocover/pkg/dbclient/kusto.go:199.2,199.12 1 0
github.com/Azure/gocover/pkg/dbclient/kusto.go:187.16,189.3 1 0
github.com/Azure/gocover/pkg/dbclient/kusto.go:196.16,198.3 1 0
github.com/Azure/gocover/pkg/dbclient/kusto.go:207.9,209.16 2 0
github.com/Azure/gocover/pkg/dbclient/kusto.go:213.2,219.16 2 0
github.com/Azure/gocover/pkg/dbclient/kusto.go:223.2,224.12 2 0
github.com/Azure/gocover/pkg/dbclient/kusto.go:209.16,211.3 1 0
github.com/Azure/gocover/pkg/dbclient/kusto.go:219.16,221.3 1 0
github.com/Azure/gocover/pkg/dbclient/kusto.go:246.40,247.59 1 0
github.com/Azure/gocover/pkg/dbclient/kusto.go:251.2,251.59 1 0
github.com/Azure/gocover/pkg/dbclient/kusto.go:255.2,255.71 1 0
github.com/Azure/gocover/pkg/dbclient/kusto.go:259.2,259.22 1 0
github.com/Azure/gocover/pkg/dbclient/kusto.go:262.2,262.22 1 0
github.com/Azure/gocover/pkg/dbclient/kusto.go:265.2,265.27 1 0
github.com/Azure/gocover/pkg/dbclient/kusto.go:268.2,268.25 1 0
github.com/Azure/gocover/pkg/dbclient/kusto.go:276.2,276.38 1 0
github.com/Azure/gocover/pkg/dbclient/kusto.go:321.2,321.12 1 0
github.com/Azure/gocover/pkg/dbclient/kusto.go:247.59,249.3 1 0
github.com/Azure/gocover/pkg/dbclient/kusto.go:251.59,253.3 1 0
github.com/Azure/gocover/pkg/dbclient/kusto.go:255.71,257.3 1 0
github.com/Azure/gocover/pkg/dbclient/kusto.go:259.22,261.3 1 0
github.com/Azure/gocover/pkg/dbclient/kusto.go:262.22,264.3 1 0
github.com/Azure/gocover/pkg/dbclient/kusto.go:265.27,267.3 1 0
github.com/Azure/gocover/pkg/dbclient/kusto.go:268.25,270.3 1 0
github.com/Azure/gocover/pkg/dbclient/kusto.go:276.38,278.17 2 0
github.com/Azure/gocover/pkg/dbclient/kusto.go:282.3,285.22 3 0
github.com/Azure/gocover/pkg/dbclient/kusto.go:289.3,290.22 2 0
github.com/Azure/gocover/pkg/dbclient/kusto.go:293.3,293.22 1 0
github.com/Azure/gocover/pkg/dbclient/kusto.go:296.3,296.25 1 0
github.com/Azure/gocover/pkg/dbclient/kusto.go:301.3,309.25 2 0
github.com/Azure/gocover/pkg/dbclient/kusto.go:314.3,314.22 1 0
github.com/Azure/gocover/pkg/dbclient/kusto.go:278.17,280.4 1 0
github.com/Azure/gocover/pkg/dbclient/kusto.go:285.22,287.4 1 0
github.com/Azure/gocover/pkg/dbclient/kusto.go:290.22,292.4 1 0
github.com/Azure/gocover/pkg/dbclient/kusto.go:293.22,295.4 1 0
github.com/Azure/gocover/pkg/dbclient/kusto.go:296.25,298.4 1 0
github.com/Azure/gocover/pkg/dbclient/kusto.go:309.25,311.4 1 0
github.com/Azure/gocover/pkg/dbclient/kusto.go:314.22,316.4 1 0
github.com/Azure/gocover/pkg/dbclient/kusto.go:316.9,318.4 1 0
github.com/Azure/gocover/pkg/report/generator.go:55.19,57.18 2 0
github.com/Azure/gocover/pkg/report/generator.go:61.2,62.43 2 0
github.com/Azure/gocover/pkg/report/generator.go:66.2,67.18 2 0
github.com/Azure/gocover/pkg/report/generator.go:71.2,77.3 1 0
github.com/Azure/gocover/pkg/report/generator.go:57.18,59.3 1 0
github.com/Azure/gocover/pkg/report/generator.go:62.43,64.3 1 0
github.com/Azure/gocover/pkg/report/generator.go:67.18,69.3 1 0
github.com/Azure/gocover/pkg/report/generator.go:81.76,84.16 2 0
github.com/Azure/gocover/pkg/report/generator.go:88.2,90.16 3 0
github.com/Azure/gocover/pkg/report/generator.go:94.2,95.16 2 0
github.com/Azure/gocover/pkg/report/generator.go:99.2,100.12 2 0
github.com/Azure/gocover/pkg/report/generator.go:84.16,86.3 1 0
github.com/Azure/gocover/pkg/report/generator.go:90.16,92.3 1 0
github.com/Azure/gocover/pkg/report/generator.go:95.16,97.3 1 0
github.com/Azure/gocover/pkg/report/generator.go:105.81,108.53 1 0
github.com/Azure/gocover/pkg/report/generator.go:144.2,144.12 1 0
github.com/Azure/gocover/pkg/report/generator.go:108.53,109.49 1 0
github.com/Azure/gocover/pkg/report/generator.go:114.3,114.53 1 0
github.com/Azure/gocover/pkg/report/generator.go:109.49,110.12 1 0
github.com/Azure/gocover/pkg/report/generator.go:114.53,116.18 2 0
github.com/Azure/gocover/pkg/report/generator.go:120.4,121.48 2 0
github.com/Azure/gocover/pkg/report/generator.go:125.4,135.18 4 0
github.com/Azure/gocover/pkg/report/generator.go:139.4,139.82 1 0
github.com/Azure/gocover/pkg/report/generator.go:116.18,118.5 1 0
github.com/Azure/gocover/pkg/report/generator.go:121.48,123.5 1 0
github.com/Azure/gocover/pkg/report/generator.go:135.18,137.5 1 0
github.com/Azure/gocover/pkg/report/generator.go:147.42,149.2 1 0
github.com/Azure/gocover/pkg/report/generator.go:163.36,165.27 2 0
github.com/Azure/gocover/pkg/report/generator.go:168.2,168.29 1 0
github.com/Azure/gocover/pkg/report/generator.go:165.27,167.3 1 0
github.com/Azure/gocover/pkg/report/generator.go:172.39,173.15 1 0
github.com/Azure/gocover/pkg/report/generator.go:173.15,175.3 1 0
github.com/Azure/gocover/pkg/report/generator.go:175.8,177.3 1 0
github.com/Azure/gocover/pkg/report/generator.go:180.49,183.16 2 0
github.com/Azure/gocover/pkg/report/generator.go:188.2,189.16 2 0
github.com/Azure/gocover/pkg/report/generator.go:183.16,185.3 1 0
github.com/Azure/gocover/pkg/report/generator.go:185.8,187.3 1 0
github.com/Azure/gocover/pkg/report/generator.go:192.63,194.2 1 0
github.com/Azure/gocover/pkg/report/generator.go:196.63,198.2 1 0
github.com/Azure/gocover/pkg/gittool/diff.go:22.22,24.16 2 0
github.com/Azure/gocover/pkg/gittool/diff.go:27.2,30.8 1 0
github.com/Azure/gocover/pkg/gittool/diff.go:24.16,26.3 1 0
github.com/Azure/gocover/pkg/gittool/diff.go:45.87,47.16 2 0
github.com/Azure/gocover/pkg/gittool/diff.go:51.2,52.33 2 0
github.com/Azure/gocover/pkg/gittool/diff.go:73.2,73.25 1 0
github.com/Azure/gocover/pkg/gittool/diff.go:47.16,49.3 1 0
github.com/Azure/gocover/pkg/gittool/diff.go:52.33,54.17 2 0
github.com/Azure/gocover/pkg/gittool/diff.go:57.3,58.27 2 0
github.com/Azure/gocover/pkg/gittool/diff.go:62.3,63.17 2 0
github.com/Azure/gocover/pkg/gittool/diff.go:68.3,68.24 1 0
github.com/Azure/gocover/pkg/gittool/diff.go:54.17,56.4 1 0
github.com/Azure/gocover/pkg/gittool/diff.go:58.27,60.4 1 0
github.com/Azure/gocover/pkg/gittool/diff.go:63.17,65.4 1 0
github.com/Azure/gocover/pkg/gittool/diff.go:68.24,70.4 1 0
github.com/Azure/gocover/pkg/gittool/diff.go:80.82,83.16 2 0
github.com/Azure/gocover/pkg/gittool/diff.go:87.2,88.16 2 0
github.com/Azure/gocover/pkg/gittool/diff.go:91.2,92.16 2 0
github.com/Azure/gocover/pkg/gittool/diff.go:97.2,98.16 2 0
github.com/Azure/gocover/pkg/gittool/diff.go:102.2,103.16 2 0
github.com/Azure/gocover/pkg/gittool/diff.go:106.2,107.16 2 0
github.com/Azure/gocover/pkg/gittool/diff.go:111.2,111.50 1 0
github.com/Azure/gocover/pkg/gittool/diff.go:83.16,85.3 1 0
github.com/Azure/gocover/pkg/gittool/diff.go:88.16,90.3 1 0
github.com/Azure/gocover/pkg/gittool/diff.go:92.16,94.3 1 0
github.com/Azure/gocover/pkg/gittool/diff.go:98.16,100.3 1 0
github.com/Azure/gocover/pkg/gittool/diff.go:103.16,105.3 1 0
github.com/Azure/gocover/pkg/gittool/diff.go:107.16,109.3 1 0
github.com/Azure/gocover/pkg/gittool/diff.go:116.85,119.30 2 0
github.com/Azure/gocover/pkg/gittool/diff.go:123.2,123.9 1 0
github.com/Azure/gocover/pkg/gittool/diff.go:141.2,141.17 1 0
github.com/Azure/gocover/pkg/gittool/diff.go:119.30,121.3 1 0
github.com/Azure/gocover/pkg/gittool/diff.go:125.32,126.19 1 0
github.com/Azure/gocover/pkg/gittool/diff.go:131.19,132.19 1 0
github.com/Azure/gocover/pkg/gittool/diff.go:137.17,137.17 0 0
github.com/Azure/gocover/pkg/gittool/diff.go:126.19,128.4 1 0
github.com/Azure/gocover/pkg/gittool/diff.go:132.19,134.4 1 0
github.com/Azure/gocover/pkg/gittool/diff.go:145.40,149.2 1 0
github.com/Azure/gocover/pkg/gittool/diff.go:154.98,161.31 3 0
github.com/Azure/gocover/pkg/gittool/diff.go:197.2,201.8 1 0
github.com/Azure/gocover/pkg/gittool/diff.go:161.31,163.23 1 0
github.com/Azure/gocover/pkg/gittool/diff.go:164.19,166.23 2 0
github.com/Azure/gocover/pkg/gittool/diff.go:170.17,176.23 5 0
github.com/Azure/gocover/pkg/gittool/diff.go:182.4,190.6 2 0
github.com/Azure/gocover/pkg/gittool/diff.go:192.20,192.20 0 0
github.com/Azure/gocover/pkg/gittool/diff.go:166.23,168.5 1 0
github.com/Azure/gocover/pkg/gittool/diff.go:176.23,180.5 3 0
github.com/Azure/gocover/pkg/gittool/diff.go:208.75,212.16 3 0
github.com/Azure/gocover/pkg/gittool/diff.go:216.2,221.21 4 0
github.com/Azure/gocover/pkg/gittool/diff.go:226.2,238.8 2 0
github.com/Azure/gocover/pkg/gittool/diff.go:212.16,214.3 1 0
github.com/Azure/gocover/pkg/gittool/diff.go:221.21,224.3 2 0
github.com/Azure/gocover/pkg/report/tree.go:41.54,46.2 1 0
github.com/Azure/gocover/pkg/report/tree.go:48.54,54.2 1 0
github.com/Azure/gocover/pkg/report/tree.go:72.53,81.2 1 0
github.com/Azure/gocover/pkg/report/tree.go:83.48,87.48 3 0
github.com/Azure/gocover/pkg/report/tree.go:112.2,113.15 2 0
github.com/Azure/gocover/pkg/report/tree.go:87.48,88.18 1 0
github.com/Azure/gocover/pkg/report/tree.go:92.3,93.29 2 0
github.com/Azure/gocover/pkg/report/tree.go:97.3,106.32 2 0
github.com/Azure/gocover/pkg/report/tree.go:88.18,90.4 1 0
github.com/Azure/gocover/pkg/report/tree.go:93.29,95.4 1 0
github.com/Azure/gocover/pkg/report/tree.go:106.32,108.4 1 0
github.com/Azure/gocover/pkg/report/tree.go:116.55,121.30 4 0
github.com/Azure/gocover/pkg/report/tree.go:128.2,128.20 1 0
github.com/Azure/gocover/pkg/report/tree.go:121.30,122.46 1 0
github.com/Azure/gocover/pkg/report/tree.go:122.46,124.4 1 0
github.com/Azure/gocover/pkg/report/tree.go:124.9,126.4 1 0
github.com/Azure/gocover/pkg/report/tree.go:131.60,137.30 5 0
github.com/Azure/gocover/pkg/report/tree.go:147.2,147.42 1 0
github.com/Azure/gocover/pkg/report/tree.go:151.2,153.13 3 0
github.com/Azure/gocover/pkg/report/tree.go:137.30,138.46 1 0
github.com/Azure/gocover/pkg/report/tree.go:138.46,140.4 1 0
github.com/Azure/gocover/pkg/report/tree.go:140.9,144.4 3 0
github.com/Azure/gocover/pkg/report/tree.go:147.42,149.3 1 0
github.com/Azure/gocover/pkg/report/tree.go:156.46,158.2 1 0
github.com/Azure/gocover/pkg/report/tree.go:163.66,165.17 1 0
github.com/Azure/gocover/pkg/report/tree.go:170.2,175.34 6 0
github.com/Azure/gocover/pkg/report/tree.go:184.2,194.27 6 0
github.com/Azure/gocover/pkg/report/tree.go:165.17,167.3 1 0
github.com/Azure/gocover/pkg/report/tree.go:175.34,182.3 6 0
github.com/Azure/gocover/pkg/annotation/annotation.go:63.96,65.16 2 1
github.com/Azure/gocover/pkg/annotation/annotation.go:68.2,71.16 3 1
github.com/Azure/gocover/pkg/annotation/annotation.go:74.2,75.21 2 1
github.com/Azure/gocover/pkg/annotation/annotation.go:65.16,67.3 1 1
github.com/Azure/gocover/pkg/annotation/annotation.go:71.16,73.3 1 0
github.com/Azure/gocover/pkg/annotation/annotation.go:79.103,83.15 4 1
github.com/Azure/gocover/pkg/annotation/annotation.go:87.2,96.21 5 1
github.com/Azure/gocover/pkg/annotation/annotation.go:124.2,124.21 1 1
github.com/Azure/gocover/pkg/annotation/annotation.go:83.15,85.3 1 1
github.com/Azure/gocover/pkg/annotation/annotation.go:96.21,98.17 2 1
github.com/Azure/gocover/pkg/annotation/annotation.go:103.3,103.23 1 1
github.com/Azure/gocover/pkg/annotation/annotation.go:108.3,108.27 1 1
github.com/Azure/gocover/pkg/annotation/annotation.go:98.17,100.4 1 0
github.com/Azure/gocover/pkg/annotation/annotation.go:103.23,105.12 2 1
github.com/Azure/gocover/pkg/annotation/annotation.go:108.27,113.9 5 1
github.com/Azure/gocover/pkg/annotation/annotation.go:114.9,114.35 1 1
github.com/Azure/gocover/pkg/annotation/annotation.go:114.35,118.4 1 1
github.com/Azure/gocover/pkg/annotation/annotation.go:118.9,121.4 1 0
github.com/Azure/gocover/pkg/annotation/annotation.go:129.157,130.35 1 1
github.com/Azure/gocover/pkg/annotation/annotation.go:134.2,134.64 1 1
github.com/Azure/gocover/pkg/annotation/annotation.go:138.2,138.13 1 1
github.com/Azure/gocover/pkg/annotation/annotation.go:160.2,162.55 2 1
github.com/Azure/gocover/pkg/annotation/annotation.go:175.2,175.33 1 1
github.com/Azure/gocover/pkg/annotation/annotation.go:130.35,132.3 1 0
github.com/Azure/gocover/pkg/annotation/annotation.go:134.64,136.3 1 1
github.com/Azure/gocover/pkg/annotation/annotation.go:139.9,139.9 0 1
github.com/Azure/gocover/pkg/annotation/annotation.go:140.10,151.122 1 1
github.com/Azure/gocover/pkg/annotation/annotation.go:155.3,155.38 1 1
github.com/Azure/gocover/pkg/annotation/annotation.go:151.122,153.9 2 1
github.com/Azure/gocover/pkg/annotation/annotation.go:155.38,157.4 1 1
github.com/Azure/gocover/pkg/annotation/annotation.go:162.55,166.67 2 1
github.com/Azure/gocover/pkg/annotation/annotation.go:172.3,172.52 1 1
github.com/Azure/gocover/pkg/annotation/annotation.go:166.67,171.4 2 1
github.com/Azure/gocover/pkg/annotation/annotation.go:178.81,181.18 2 1
github.com/Azure/gocover/pkg/annotation/annotation.go:185.2,190.27 5 1
github.com/Azure/gocover/pkg/annotation/annotation.go:194.2,194.21 1 1
github.com/Azure/gocover/pkg/annotation/annotation.go:201.2,201.35 1 1
github.com/Azure/gocover/pkg/annotation/annotation.go:181.18,183.3 1 1
github.com/Azure/gocover/pkg/annotation/annotation.go:190.27,192.3 1 1
github.com/Azure/gocover/pkg/annotation/annotation.go:194.21,199.3 1 1
github.com/Azure/gocover/pkg/annotation/annotation.go:206.39,206.56 1 1
github.com/Azure/gocover/pkg/annotation/annotation.go:207.39,207.66 1 1
github.com/Azure/gocover/pkg/annotation/annotation.go:208.44,211.2 2 1
github.com/Azure/gocover/pkg/gocover/error.go:16.82,22.2 1 0
github.com/Azure/gocover/pkg/gocover/error.go:24.60,26.2 1 0
github.com/Azure/gocover/pkg/gocover/error.go:28.39,30.2 1 0
github.com/Azure/gocover/pkg/gocover/funcs.go:32.116,33.34 1 0
github.com/Azure/gocover/pkg/gocover/funcs.go:37.2,37.42 1 0
github.com/Azure/gocover/pkg/gocover/funcs.go:49.2,49.14 1 0
github.com/Azure/gocover/pkg/gocover/funcs.go:33.34,35.3 1 0
github.com/Azure/gocover/pkg/gocover/funcs.go:37.42,39.17 2 0
github.com/Azure/gocover/pkg/gocover/funcs.go:43.3,43.12 1 0
github.com/Azure/gocover/pkg/gocover/funcs.go:39.17,41.12 2 0
github.com/Azure/gocover/pkg/gocover/funcs.go:43.12,47.4 3 0
github.com/Azure/gocover/pkg/gocover/funcs.go:53.65,54.21 1 0
github.com/Azure/gocover/pkg/gocover/funcs.go:57.2,57.53 1 0
github.com/Azure/gocover/pkg/gocover/funcs.go:54.21,56.3 1 0
github.com/Azure/gocover/pkg/gocover/funcs.go:61.70,62.38 1 0
github.com/Azure/gocover/pkg/gocover/funcs.go:69.2,78.23 3 0
github.com/Azure/gocover/pkg/gocover/funcs.go:62.38,67.3 4 0
github.com/Azure/gocover/pkg/gocover/funcs.go:78.23,80.3 1 0
github.com/Azure/gocover/pkg/gocover/funcs.go:90.75,94.2 1 0
github.com/Azure/gocover/pkg/gocover/funcs.go:97.155,101.27 3 0
github.com/Azure/gocover/pkg/gocover/funcs.go:116.2,116.54 1 0
github.com/Azure/gocover/pkg/gocover/funcs.go:101.27,114.3 2 0
github.com/Azure/gocover/pkg/gocover/funcs.go:119.215,123.41 3 0
github.com/Azure/gocover/pkg/gocover/funcs.go:157.2,157.59 1 0
github.com/Azure/gocover/pkg/gocover/funcs.go:123.41,125.45 2 0
github.com/Azure/gocover/pkg/gocover/funcs.go:140.3,140.46 1 0
github.com/Azure/gocover/pkg/gocover/funcs.go:125.45,137.12 3 0
github.com/Azure/gocover/pkg/gocover/funcs.go:140.46,154.4 2 0
github.com/Azure/gocover/pkg/gocover/funcs.go:161.68,164.27 2 0
github.com/Azure/gocover/pkg/gocover/funcs.go:164.27,173.3 1 0
github.com/Azure/gocover/pkg/gocover/funcs.go:179.87,181.9 2 0
github.com/Azure/gocover/pkg/gocover/funcs.go:194.2,194.20 1 0
github.com/Azure/gocover/pkg/gocover/funcs.go:181.9,183.17 2 0
github.com/Azure/gocover/pkg/gocover/funcs.go:186.3,189.16 3 0
github.com/Azure/gocover/pkg/gocover/funcs.go:192.3,192.31 1 0
github.com/Azure/gocover/pkg/gocover/funcs.go:183.17,185.4 1 0
github.com/Azure/gocover/pkg/gocover/funcs.go:189.16,191.4 1 0
github.com/Azure/gocover/pkg/gocover/funcs.go:202.57,205.16 3 0
github.com/Azure/gocover/pkg/gocover/funcs.go:209.2,210.18 2 0
github.com/Azure/gocover/pkg/gocover/funcs.go:214.2,214.20 1 0
github.com/Azure/gocover/pkg/gocover/funcs.go:205.16,207.3 1 0
github.com/Azure/gocover/pkg/gocover/funcs.go:210.18,212.3 1 0
github.com/Azure/gocover/pkg/gocover/funcs.go:218.51,220.16 2 0
github.com/Azure/gocover/pkg/gocover/funcs.go:224.2,224.57 1 0
github.com/Azure/gocover/pkg/gocover/funcs.go:227.2,227.20 1 0
github.com/Azure/gocover/pkg/gocover/funcs.go:220.16,222.3 1 0
github.com/Azure/gocover/pkg/gocover/funcs.go:224.57,226.3 1 0
github.com/Azure/gocover/pkg/cmd/cmd.go:80.54,83.16 3 0
github.com/Azure/gocover/pkg/cmd/cmd.go:87.2,87.13 1 0
github.com/Azure/gocover/pkg/cmd/cmd.go:90.2,90.15 1 0
github.com/Azure/gocover/pkg/cmd/cmd.go:83.16,86.3 1 0
github.com/Azure/gocover/pkg/cmd/cmd.go:87.13,89.3 1 0
github.com/Azure/gocover/pkg/cmd/cmd.go:94.69,100.68 1 0
github.com/Azure/gocover/pkg/cmd/cmd.go:108.2,123.12 14 0
github.com/Azure/gocover/pkg/cmd/cmd.go:100.68,101.46 1 0
github.com/Azure/gocover/pkg/cmd/cmd.go:104.4,104.14 1 0
github.com/Azure/gocover/pkg/cmd/cmd.go:101.46,103.5 1 0
github.com/Azure/gocover/pkg/cmd/cmd.go:126.46,133.55 2 0
github.com/Azure/gocover/pkg/cmd/cmd.go:153.2,166.12 12 0
github.com/Azure/gocover/pkg/cmd/cmd.go:133.55,138.18 4 0
github.com/Azure/gocover/pkg/cmd/cmd.go:142.4,145.40 3 0
github.com/Azure/gocover/pkg/cmd/cmd.go:149.4,149.14 1 0
github.com/Azure/gocover/pkg/cmd/cmd.go:138.18,140.5 1 0
github.com/Azure/gocover/pkg/cmd/cmd.go:145.40,147.5 1 0
github.com/Azure/gocover/pkg/cmd/cmd.go:169.46,177.55 2 0
github.com/Azure/gocover/pkg/cmd/cmd.go:197.2,209.12 11 0
github.com/Azure/gocover/pkg/cmd/cmd.go:177.55,182.18 4 0
github.com/Azure/gocover/pkg/cmd/cmd.go:186.4,189.40 3 0
github.com/Azure/gocover/pkg/cmd/cmd.go:193.4,193.14 1 0
github.com/Azure/gocover/pkg/cmd/cmd.go:182.18,184.5 1 0
github.com/Azure/gocover/pkg/cmd/cmd.go:189.40,191.5 1 0
github.com/Azure/gocover/pkg/cmd/cmd.go:212.45,220.55 2 0
github.com/Azure/gocover/pkg/cmd/cmd.go:237.2,251.12 15 0
github.com/Azure/gocover/pkg/cmd/cmd.go:220.55,230.18 8 0
github.com/Azure/gocover/pkg/cmd/cmd.go:233.4,233.21 1 0
github.com/Azure/gocover/pkg/cmd/cmd.go:230.18,232.5 1 0
github.com/Azure/gocover/pkg/cmd/version.go:9.69,14.55 1 0
github.com/Azure/gocover/pkg/cmd/version.go:21.2,21.12 1 0
github.com/Azure/gocover/pkg/cmd/version.go:14.55,19.4 4 0
github.com/Azure/gocover/pkg/gocover/diffcover.go:18.51,25.19 3 0
github.com/Azure/gocover/pkg/gocover/diffcover.go:28.2,30.38 2 0
github.com/Azure/gocover/pkg/gocover/diffcover.go:37.2,38.16 2 0
github.com/Azure/gocover/pkg/gocover/diffcover.go:42.2,43.16 2 0
github.com/Azure/gocover/pkg/gocover/diffcover.go:47.2,63.8 2 0
github.com/Azure/gocover/pkg/gocover/diffcover.go:25.19,27.3 1 0
github.com/Azure/gocover/pkg/gocover/diffcover.go:30.38,32.17 2 0
github.com/Azure/gocover/pkg/gocover/diffcover.go:32.17,34.4 1 0
github.com/Azure/gocover/pkg/gocover/diffcover.go:38.16,40.3 1 0
github.com/Azure/gocover/pkg/gocover/diffcover.go:43.16,45.3 1 0
github.com/Azure/gocover/pkg/gocover/diffcover.go:88.55,91.16 2 0
github.com/Azure/gocover/pkg/gocover/diffcover.go:95.2,95.72 1 0
github.com/Azure/gocover/pkg/gocover/diffcover.go:99.2,99.39 1 0
github.com/Azure/gocover/pkg/gocover/diffcover.go:103.2,103.46 1 0
github.com/Azure/gocover/pkg/gocover/diffcover.go:107.2,107.12 1 0
github.com/Azure/gocover/pkg/gocover/diffcover.go:91.16,93.3 1 0
github.com/Azure/gocover/pkg/gocover/diffcover.go:95.72,97.3 1 0
github.com/Azure/gocover/pkg/gocover/diffcover.go:99.39,101.3 1 0
github.com/Azure/gocover/pkg/gocover/diffcover.go:103.46,105.3 1 0
github.com/Azure/gocover/pkg/gocover/diffcover.go:110.66,111.61 1 0
github.com/Azure/gocover/pkg/gocover/diffcover.go:121.2,121.12 1 0
github.com/Azure/gocover/pkg/gocover/diffcover.go:111.61,120.3 1 0
github.com/Azure/gocover/pkg/gocover/diffcover.go:124.56,127.26 2 0
github.com/Azure/gocover/pkg/gocover/diffcover.go:138.2,139.12 2 0
github.com/Azure/gocover/pkg/gocover/diffcover.go:127.26,129.17 2 0
github.com/Azure/gocover/pkg/gocover/diffcover.go:132.3,133.17 2 0
github.com/Azure/gocover/pkg/gocover/diffcover.go:129.17,131.4 1 0
github.com/Azure/gocover/pkg/gocover/diffcover.go:133.17,135.4 1 0
github.com/Azure/gocover/pkg/gocover/diffcover.go:142.67,144.16 2 0
github.com/Azure/gocover/pkg/gocover/diffcover.go:147.2,148.16 2 0
github.com/Azure/gocover/pkg/gocover/diffcover.go:151.2,151.21 1 0
github.com/Azure/gocover/pkg/gocover/diffcover.go:144.16,146.3 1 0
github.com/Azure/gocover/pkg/gocover/diffcover.go:148.16,150.3 1 0
github.com/Azure/gocover/pkg/gocover/diffcover.go:154.73,156.16 2 0
github.com/Azure/gocover/pkg/gocover/diffcover.go:160.2,161.16 2 0
github.com/Azure/gocover/pkg/gocover/diffcover.go:165.2,173.31 6 0
github.com/Azure/gocover/pkg/gocover/diffcover.go:259.2,259.26 1 0
github.com/Azure/gocover/pkg/gocover/diffcover.go:267.2,271.24 3 0
github.com/Azure/gocover/pkg/gocover/diffcover.go:156.16,158.3 1 0
github.com/Azure/gocover/pkg/gocover/diffcover.go:161.16,163.3 1 0
github.com/Azure/gocover/pkg/gocover/diffcover.go:173.31,178.17 4 0
github.com/Azure/gocover/pkg/gocover/diffcover.go:182.3,182.37 1 0
github.com/Azure/gocover/pkg/gocover/diffcover.go:178.17,180.4 1 0
github.com/Azure/gocover/pkg/gocover/diffcover.go:182.37,186.11 2 0
github.com/Azure/gocover/pkg/gocover/diffcover.go:193.4,194.18 2 0
github.com/Azure/gocover/pkg/gocover/diffcover.go:198.4,203.50 2 0
github.com/Azure/gocover/pkg/gocover/diffcover.go:207.4,210.38 4 0
github.com/Azure/gocover/pkg/gocover/diffcover.go:231.4,231.15 1 0
github.com/Azure/gocover/pkg/gocover/diffcover.go:186.11,191.5 2 0
github.com/Azure/gocover/pkg/gocover/diffcover.go:194.18,196.5 1 0
github.com/Azure/gocover/pkg/gocover/diffcover.go:203.50,205.5 1 0
github.com/Azure/gocover/pkg/gocover/diffcover.go:210.38,211.36 1 0
github.com/Azure/gocover/pkg/gocover/diffcover.go:215.5,218.33 3 0
github.com/Azure/gocover/pkg/gocover/diffcover.go:222.5,222.23 1 0
github.com/Azure/gocover/pkg/gocover/diffcover.go:211.36,212.14 1 0
github.com/Azure/gocover/pkg/gocover/diffcover.go:218.33,221.6 2 0
github.com/Azure/gocover/pkg/gocover/diffcover.go:222.23,224.6 1 0
github.com/Azure/gocover/pkg/gocover/diffcover.go:224.11,227.6 2 0
github.com/Azure/gocover/pkg/gocover/diffcover.go:231.15,238.11 1 0
github.com/Azure/gocover/pkg/gocover/diffcover.go:242.5,246.17 5 0
github.com/Azure/gocover/pkg/gocover/diffcover.go:249.5,249.38 1 0
github.com/Azure/gocover/pkg/gocover/diffcover.go:238.11,239.14 1 0
github.com/Azure/gocover/pkg/gocover/diffcover.go:246.17,248.6 1 0
github.com/Azure/gocover/pkg/gocover/diffcover.go:249.38,253.6 3 0
github.com/Azure/gocover/pkg/gocover/diffcover.go:259.26,265.3 5 0
github.com/Azure/gocover/pkg/gocover/fullcover.go:17.51,24.19 3 0
github.com/Azure/gocover/pkg/gocover/fullcover.go:27.2,29.38 2 0
github.com/Azure/gocover/pkg/gocover/fullcover.go:36.2,37.16 2 0
github.com/Azure/gocover/pkg/gocover/fullcover.go:41.2,42.16 2 0
github.com/Azure/gocover/pkg/gocover/fullcover.go:46.2,60.8 2 0
github.com/Azure/gocover/pkg/gocover/fullcover.go:24.19,26.3 1 0
github.com/Azure/gocover/pkg/gocover/fullcover.go:29.38,31.17 2 0
github.com/Azure/gocover/pkg/gocover/fullcover.go:31.17,33.4 1 0
github.com/Azure/gocover/pkg/gocover/fullcover.go:37.16,39.3 1 0
github.com/Azure/gocover/pkg/gocover/fullcover.go:42.16,44.3 1 0
github.com/Azure/gocover/pkg/gocover/fullcover.go:82.55,85.16 2 0
github.com/Azure/gocover/pkg/gocover/fullcover.go:89.2,89.72 1 0
github.com/Azure/gocover/pkg/gocover/fullcover.go:93.2,93.39 1 0
github.com/Azure/gocover/pkg/gocover/fullcover.go:97.2,97.12 1 0
github.com/Azure/gocover/pkg/gocover/fullcover.go:85.16,87.3 1 0
github.com/Azure/gocover/pkg/gocover/fullcover.go:89.72,91.3 1 0
github.com/Azure/gocover/pkg/gocover/fullcover.go:93.39,95.3 1 0
github.com/Azure/gocover/pkg/gocover/fullcover.go:100.56,103.26 2 0
github.com/Azure/gocover/pkg/gocover/fullcover.go:114.2,115.12 2 0
github.com/Azure/gocover/pkg/gocover/fullcover.go:103.26,105.17 2 0
github.com/Azure/gocover/pkg/gocover/fullcover.go:108.3,109.17 2 0
github.com/Azure/gocover/pkg/gocover/fullcover.go:105.17,107.4 1 0
github.com/Azure/gocover/pkg/gocover/fullcover.go:109.17,111.4 1 0
github.com/Azure/gocover/pkg/gocover/fullcover.go:118.73,120.16 2 0
github.com/Azure/gocover/pkg/gocover/fullcover.go:124.2,129.31 4 0
github.com/Azure/gocover/pkg/gocover/fullcover.go:210.2,214.24 3 0
github.com/Azure/gocover/pkg/gocover/fullcover.go:120.16,122.3 1 0
github.com/Azure/gocover/pkg/gocover/fullcover.go:129.31,134.17 4 0
github.com/Azure/gocover/pkg/gocover/fullcover.go:138.3,138.37 1 0
github.com/Azure/gocover/pkg/gocover/fullcover.go:134.17,136.4 1 0
github.com/Azure/gocover/pkg/gocover/fullcover.go:138.37,145.10 1 0
github.com/Azure/gocover/pkg/gocover/fullcover.go:150.4,151.11 2 0
github.com/Azure/gocover/pkg/gocover/fullcover.go:159.4,160.18 2 0
github.com/Azure/gocover/pkg/gocover/fullcover.go:164.4,169.50 2 0
github.com/Azure/gocover/pkg/gocover/fullcover.go:173.4,177.38 4 0
github.com/Azure/gocover/pkg/gocover/fullcover.go:196.4,203.16 7 0
github.com/Azure/gocover/pkg/gocover/fullcover.go:145.10,146.13 1 0
github.com/Azure/gocover/pkg/gocover/fullcover.go:151.11,157.5 3 0
github.com/Azure/gocover/pkg/gocover/fullcover.go:160.18,162.5 1 0
github.com/Azure/gocover/pkg/gocover/fullcover.go:169.50,171.5 1 0
github.com/Azure/gocover/pkg/gocover/fullcover.go:177.38,181.33 3 0
github.com/Azure/gocover/pkg/gocover/fullcover.go:186.5,186.23 1 0
github.com/Azure/gocover/pkg/gocover/fullcover.go:181.33,185.6 3 0
github.com/Azure/gocover/pkg/gocover/fullcover.go:186.23,189.6 2 0
github.com/Azure/gocover/pkg/gocover/fullcover.go:189.11,192.6 2 0
github.com/Azure/gocover/pkg/gocover/fullcover.go:203.16,205.5 1 0
github.com/Azure/gocover/pkg/gocover/options.go:30.34,35.2 1 0
github.com/Azure/gocover/pkg/gocover/options.go:37.39,39.2 1 0
github.com/Azure/gocover/pkg/gocover/options.go:62.34,68.2 1 0
github.com/Azure/gocover/pkg/gocover/options.go:70.39,72.2 1 0
github.com/Azure/gocover/pkg/gocover/options.go:115.48,121.2 1 0
github.com/Azure/gocover/main.go:22.13,24.42 2 0
github.com/Azure/gocover/main.go:24.42,27.25 3 0
github.com/Azure/gocover/main.go:30.3,30.20 1 0
github.com/Azure/gocover/main.go:27.25,29.4 1 0
github.com/Azure/gocover/pkg/parser/packages.go:91.49,92.23 1 0
github.com/Azure/gocover/pkg/parser/packages.go:95.2,95.43 1 0
github.com/Azure/gocover/pkg/parser/packages.go:98.2,98.32 1 0
github.com/Azure/gocover/pkg/parser/packages.go:104.2,104.12 1 0
github.com/Azure/gocover/pkg/parser/packages.go:92.23,94.3 1 0
github.com/Azure/gocover/pkg/parser/packages.go:95.43,97.3 1 0
github.com/Azure/gocover/pkg/parser/packages.go:98.32,100.17 2 0
github.com/Azure/gocover/pkg/parser/packages.go:100.17,102.4 1 0
github.com/Azure/gocover/pkg/parser/packages.go:109.51,110.23 1 0
github.com/Azure/gocover/pkg/parser/packages.go:113.2,113.23 1 0
github.com/Azure/gocover/pkg/parser/packages.go:116.2,116.44 1 0
github.com/Azure/gocover/pkg/parser/packages.go:119.2,119.45 1 0
github.com/Azure/gocover/pkg/parser/packages.go:122.2,122.33 1 0
github.com/Azure/gocover/pkg/parser/packages.go:128.2,128.12 1 0
github.com/Azure/gocover/pkg/parser/packages.go:110.23,112.3 1 0
github.com/Azure/gocover/pkg/parser/packages.go:113.23,115.3 1 0
github.com/Azure/gocover/pkg/parser/packages.go:116.44,118.3 1 0
github.com/Azure/gocover/pkg/parser/packages.go:119.45,121.3 1 0
github.com/Azure/gocover/pkg/parser/packages.go:122.33,124.17 2 0
github.com/Azure/gocover/pkg/parser/packages.go:124.17,126.4 1 0
github.com/Azure/gocover/pkg/parser/packages.go:133.53,134.44 1 0
github.com/Azure/gocover/pkg/parser/packages.go:137.2,138.12 2 0
github.com/Azure/gocover/pkg/parser/packages.go:134.44,136.3 1 0
github.com/Azure/gocover/pkg/parser/packages.go:147.44,148.46 1 0
github.com/Azure/gocover/pkg/parser/packages.go:151.2,151.45 1 0
github.com/Azure/gocover/pkg/parser/packages.go:148.46,150.3 1 0
github.com/Azure/gocover/pkg/parser/packages.go:151.45,153.3 1 0
github.com/Azure/gocover/pkg/parser/packages.go:153.8,157.3 3 0
github.com/Azure/gocover/pkg/parser/packages.go:165.64,173.24 6 0
github.com/Azure/gocover/pkg/parser/packages.go:182.2,183.30 2 0
github.com/Azure/gocover/pkg/parser/packages.go:197.2,197.29 1 0
github.com/Azure/gocover/pkg/parser/packages.go:211.2,211.16 1 0
github.com/Azure/gocover/pkg/parser/packages.go:173.24,174.35 1 0
github.com/Azure/gocover/pkg/parser/packages.go:174.35,175.34 1 0
github.com/Azure/gocover/pkg/parser/packages.go:175.34,177.5 1 0
github.com/Azure/gocover/pkg/parser/packages.go:183.30,184.15 1 0
github.com/Azure/gocover/pkg/parser/packages.go:184.15,186.4 1 0
github.com/Azure/gocover/pkg/parser/packages.go:186.9,188.18 2 0
github.com/Azure/gocover/pkg/parser/packages.go:191.4,192.35 2 0
github.com/Azure/gocover/pkg/parser/packages.go:188.18,190.5 1 0
github.com/Azure/gocover/pkg/parser/packages.go:197.29,199.17 2 0
github.com/Azure/gocover/pkg/parser/packages.go:202.3,204.17 3 0
github.com/Azure/gocover/pkg/parser/packages.go:207.3,207.37 1 0
github.com/Azure/gocover/pkg/parser/packages.go:199.17,201.4 1 0
github.com/Azure/gocover/pkg/parser/packages.go:204.17,206.4 1 0
github.com/Azure/gocover/pkg/parser/packages.go:207.37,209.4 1 0
github.com/Azure/gocover/pkg/parser/parser.go:24.11,32.2 1 0
github.com/Azure/gocover/pkg/parser/parser.go:45.74,46.60 1 0
github.com/Azure/gocover/pkg/parser/parser.go:50.2,50.51 1 0
github.com/Azure/gocover/pkg/parser/parser.go:55.2,57.41 2 0
github.com/Azure/gocover/pkg/parser/parser.go:64.2,64.38 1 0
github.com/Azure/gocover/pkg/parser/parser.go:68.2,68.20 1 0
github.com/Azure/gocover/pkg/parser/parser.go:46.60,49.3 2 0
github.com/Azure/gocover/pkg/parser/parser.go:50.51,53.3 2 0
github.com/Azure/gocover/pkg/parser/parser.go:57.41,58.74 1 0
github.com/Azure/gocover/pkg/parser/parser.go:58.74,61.4 2 0
github.com/Azure/gocover/pkg/parser/parser.go:64.38,66.3 1 0
github.com/Azure/gocover/pkg/parser/parser.go:74.76,76.56 1 0
github.com/Azure/gocover/pkg/parser/parser.go:94.2,94.12 1 0
github.com/Azure/gocover/pkg/parser/parser.go:76.56,78.17 2 0
github.com/Azure/gocover/pkg/parser/parser.go:82.3,82.21 1 0
github.com/Azure/gocover/pkg/parser/parser.go:87.3,87.30 1 0
github.com/Azure/gocover/pkg/parser/parser.go:78.17,80.4 1 0
github.com/Azure/gocover/pkg/parser/parser.go:82.21,84.12 2 0
github.com/Azure/gocover/pkg/parser/parser.go:87.30,88.37 1 0
github.com/Azure/gocover/pkg/parser/parser.go:88.37,90.5 1 0
github.com/Azure/gocover/pkg/parser/parser.go:98.49,100.47 1 0
github.com/Azure/gocover/pkg/parser/parser.go:116.2,116.12 1 0
github.com/Azure/gocover/pkg/parser/parser.go:100.47,102.16 2 0
github.com/Azure/gocover/pkg/parser/parser.go:105.3,106.10 2 0
github.com/Azure/gocover/pkg/parser/parser.go:102.16,104.4 1 0
github.com/Azure/gocover/pkg/parser/parser.go:106.10,108.18 2 0
github.com/Azure/gocover/pkg/parser/parser.go:111.4,112.68 2 0
github.com/Azure/gocover/pkg/parser/parser.go:108.18,110.5 1 0
github.com/Azure/gocover/pkg/parser/parser.go:125.86,127.16 2 0
github.com/Azure/gocover/pkg/parser/parser.go:131.2,134.16 3 0
github.com/Azure/gocover/pkg/parser/parser.go:139.2,140.16 2 0
github.com/Azure/gocover/pkg/parser/parser.go:144.2,144.26 1 0
github.com/Azure/gocover/pkg/parser/parser.go:158.2,159.16 2 0
github.com/Azure/gocover/pkg/parser/parser.go:163.2,164.29 2 0
github.com/Azure/gocover/pkg/parser/parser.go:192.2,193.26 2 0
github.com/Azure/gocover/pkg/parser/parser.go:225.2,226.12 2 0
github.com/Azure/gocover/pkg/parser/parser.go:127.16,130.3 2 0
github.com/Azure/gocover/pkg/parser/parser.go:134.16,137.3 2 0
github.com/Azure/gocover/pkg/parser/parser.go:140.16,143.3 2 0
github.com/Azure/gocover/pkg/parser/parser.go:144.26,145.51 1 0
github.com/Azure/gocover/pkg/parser/parser.go:145.51,147.4 1 0
github.com/Azure/gocover/pkg/parser/parser.go:147.9,148.44 1 0
github.com/Azure/gocover/pkg/parser/parser.go:148.44,150.5 1 0
github.com/Azure/gocover/pkg/parser/parser.go:159.16,162.3 2 0
github.com/Azure/gocover/pkg/parser/parser.go:164.29,173.31 2 0
github.com/Azure/gocover/pkg/parser/parser.go:188.3,188.43 1 0
github.com/Azure/gocover/pkg/parser/parser.go:173.31,187.4 3 0
github.com/Azure/gocover/pkg/parser/parser.go:193.26,195.28 1 0
github.com/Azure/gocover/pkg/parser/parser.go:195.28,196.87 1 0
github.com/Azure/gocover/pkg/parser/parser.go:201.4,201.87 1 0
github.com/Azure/gocover/pkg/parser/parser.go:206.4,208.28 2 0
github.com/Azure/gocover/pkg/parser/parser.go:221.4,221.9 1 0
github.com/Azure/gocover/pkg/parser/parser.go:196.87,199.10 2 0
github.com/Azure/gocover/pkg/parser/parser.go:201.87,203.13 1 0
github.com/Azure/gocover/pkg/parser/parser.go:208.28,209.53 1 0
github.com/Azure/gocover/pkg/parser/parser.go:209.53,212.6 2 0
github.com/Azure/gocover/pkg/parser/parser.go:212.11,214.52 1 0
github.com/Azure/gocover/pkg/parser/parser.go:214.52,217.7 2 0
github.com/Azure/gocover/pkg/parser/parser.go:230.90,232.15 2 0
github.com/Azure/gocover/pkg/parser/parser.go:235.2,236.9 2 0
github.com/Azure/gocover/pkg/parser/parser.go:240.2,240.58 1 0
github.com/Azure/gocover/pkg/parser/parser.go:232.15,234.3 1 0
github.com/Azure/gocover/pkg/parser/parser.go:236.9,238.3 1 0
github.com/Azure/gocover/pkg/parser/parser.go:244.52,247.16 3 0
github.com/Azure/gocover/pkg/parser/parser.go:250.2,252.27 3 0
github.com/Azure/gocover/pkg/parser/parser.go:247.16,249.3 1 0
github.com/Azure/gocover/pkg/parser/parser.go:280.43,282.19 2 0
github.com/Azure/gocover/pkg/parser/parser.go:282.19,284.3 1 0
github.com/Azure/gocover/pkg/parser/parser.go:284.8,288.3 1 0
github.com/Azure/gocover/pkg/parser/parser.go:291.34,292.23 1 0
github.com/Azure/gocover/pkg/parser/parser.go:293.21,294.23 1 0
github.com/Azure/gocover/pkg/parser/parser.go:295.22,296.65 1 0
github.com/Azure/gocover/pkg/parser/parser.go:297.18,298.16 1 0
github.com/Azure/gocover/pkg/parser/parser.go:299.10,300.12 1 0
github.com/Azure/gocover/pkg/parser/parser.go:305.56,308.26 3 0
github.com/Azure/gocover/pkg/parser/parser.go:315.2,315.17 1 0
github.com/Azure/gocover/pkg/parser/parser.go:336.2,336.10 1 0
github.com/Azure/gocover/pkg/parser/parser.go:309.20,310.16 1 0
github.com/Azure/gocover/pkg/parser/parser.go:311.21,313.25 2 0
github.com/Azure/gocover/pkg/parser/parser.go:315.17,318.17 3 0
github.com/Azure/gocover/pkg/parser/parser.go:321.3,334.21 4 0
github.com/Azure/gocover/pkg/parser/parser.go:318.17,320.4 1 0
github.com/Azure/gocover/pkg/parser/parser.go:344.45,346.23 2 0
github.com/Azure/gocover/pkg/parser/parser.go:402.2,402.23 1 0
github.com/Azure/gocover/pkg/parser/parser.go:405.2,405.40 1 0
github.com/Azure/gocover/pkg/parser/parser.go:347.22,348.23 1 0
github.com/Azure/gocover/pkg/parser/parser.go:349.23,350.23 1 0
github.com/Azure/gocover/pkg/parser/parser.go:351.23,352.23 1 0
github.com/Azure/gocover/pkg/parser/parser.go:353.20,354.20 1 0
github.com/Azure/gocover/pkg/parser/parser.go:357.3,357.20 1 0
github.com/Azure/gocover/pkg/parser/parser.go:360.3,360.22 1 0
github.com/Azure/gocover/pkg/parser/parser.go:361.19,362.20 1 0
github.com/Azure/gocover/pkg/parser/parser.go:365.3,366.20 2 0
github.com/Azure/gocover/pkg/parser/parser.go:384.24,385.22 1 0
github.com/Azure/gocover/pkg/parser/parser.go:386.22,387.22 1 0
github.com/Azure/gocover/pkg/parser/parser.go:388.23,389.22 1 0
github.com/Azure/gocover/pkg/parser/parser.go:390.23,391.20 1 0
github.com/Azure/gocover/pkg/parser/parser.go:394.3,394.22 1 0
github.com/Azure/gocover/pkg/parser/parser.go:395.27,396.20 1 0
github.com/Azure/gocover/pkg/parser/parser.go:399.3,400.22 2 0
github.com/Azure/gocover/pkg/parser/parser.go:354.20,356.4 1 0
github.com/Azure/gocover/pkg/parser/parser.go:357.20,359.4 1 0
github.com/Azure/gocover/pkg/parser/parser.go:362.20,364.4 1 0
github.com/Azure/gocover/pkg/parser/parser.go:366.20,369.33 2 0
github.com/Azure/gocover/pkg/parser/parser.go:382.4,382.23 1 0
github.com/Azure/gocover/pkg/parser/parser.go:370.21,376.19 2 0
github.com/Azure/gocover/pkg/parser/parser.go:377.24,378.32 1 0
github.com/Azure/gocover/pkg/parser/parser.go:379.12,380.40 1 0
github.com/Azure/gocover/pkg/parser/parser.go:391.20,393.4 1 0
github.com/Azure/gocover/pkg/parser/parser.go:396.20,398.4 1 0
github.com/Azure/gocover/pkg/parser/parser.go:402.23,404.3 1 0
github.com/Azure/gocover/pkg/parser/parser.go:405.40,407.19 2 0
github.com/Azure/gocover/pkg/parser/parser.go:422.3,422.17 1 0
github.com/Azure/gocover/pkg/parser/parser.go:408.57,409.9 1 0
github.com/Azure/gocover/pkg/parser/parser.go:410.11,420.51 3 0
github.com/Azure/gocover/pkg/parser/parser.go:429.91,430.19 1 0
github.com/Azure/gocover/pkg/parser/parser.go:433.2,433.26 1 0
github.com/Azure/gocover/pkg/parser/parser.go:437.2,440.36 3 0
github.com/Azure/gocover/pkg/parser/parser.go:430.19,432.3 1 0
github.com/Azure/gocover/pkg/parser/parser.go:433.26,435.3 1 0
github.com/Azure/gocover/pkg/parser/parser.go:440.36,441.63 1 0
github.com/Azure/gocover/pkg/parser/parser.go:441.63,442.51 1 0
github.com/Azure/gocover/pkg/parser/parser.go:442.51,444.5 1 0
github.com/Azure/gocover/pkg/parser/parser.go:449.35,452.2 2 0
github.com/Azure/gocover/pkg/parser/parser.go:463.102,464.55 1 0
github.com/Azure/gocover/pkg/parser/parser.go:468.2,468.14 1 0
github.com/Azure/gocover/pkg/parser/parser.go:472.2,475.67 3 0
github.com/Azure/gocover/pkg/parser/parser.go:464.55,466.3 1 0
github.com/Azure/gocover/pkg/parser/parser.go:468.14,470.3 1 0
github.com/Azure/gocover/pkg/parser/parser.go:475.67,481.3 2 0
github.com/Azure/gocover/pkg/parser/parser.go:484.66,486.2 1 0
github.com/Azure/gocover/pkg/parser/parser.go:490.42,490.59 1 0
github.com/Azure/gocover/pkg/parser/parser.go:491.42,491.69 1 0
github.com/Azure/gocover/pkg/parser/parser.go:492.47,495.2 2 0
github.com/Azure/gocover/pkg/parser/parser.go:498.84,499.33 1 0
github.com/Azure/gocover/pkg/parser/parser.go:504.2,504.12 1 0
github.com/Azure/gocover/pkg/parser/parser.go:499.33,500.50 1 0
github.com/Azure/gocover/pkg/parser/parser.go:500.50,502.4 1 0
github.com/Azure/gocover/pkg/parser/parser.go:508.48,510.2 1 0
github.com/Azure/gocover/pkg/gocover/error.go:16.82,22.2 1 0
github.com/Azure/gocover/pkg/gocover/error.go:24.60,26.2 1 0
github.com/Azure/gocover/pkg/gocover/error.go:28.39,30.2 1 0
github.com/Azure/gocover/pkg/cmd/version.go:9.69,14.55 1 0
github.com/Azure/gocover/pkg/cmd/version.go:21.2,21.12 1 0
github.com/Azure/gocover/pkg/cmd/version.go:14.55,19.4 4 0
github.com/Azure/gocover/pkg/parser/packages.go:91.49,92.23 1 0
github.com/Azure/gocover/pkg/parser/packages.go:95.2,95.43 1 0
github.com/Azure/gocover/pkg/parser/packages.go:98.2,98.32 1 0
github.com/Azure/gocover/pkg/parser/packages.go:104.2,104.12 1 0
github.com/Azure/gocover/pkg/parser/packages.go:92.23,94.3 1 0
github.com/Azure/gocover/pkg/parser/packages.go:95.43,97.3 1 0
github.com/Azure/gocover/pkg/parser/packages.go:98.32,100.17 2 0
github.com/Azure/gocover/pkg/parser/packages.go:100.17,102.4 1 0
github.com/Azure/gocover/pkg/parser/packages.go:109.51,110.23 1 0
github.com/Azure/gocover/pkg/parser/packages.go:113.2,113.23 1 0
github.com/Azure/gocover/pkg/parser/packages.go:116.2,116.44 1 0
github.com/Azure/gocover/pkg/parser/packages.go:119.2,119.45 1 0
github.com/Azure/gocover/pkg/parser/packages.go:122.2,122.33 1 0
github.com/Azure/gocover/pkg/parser/packages.go:128.2,128.12 1 0
github.com/Azure/gocover/pkg/parser/packages.go:110.23,112.3 1 0
github.com/Azure/gocover/pkg/parser/packages.go:113.23,115.3 1 0
github.com/Azure/gocover/pkg/parser/packages.go:116.44,118.3 1 0
github.com/Azure/gocover/pkg/parser/packages.go:119.45,121.3 1 0
github.com/Azure/gocover/pkg/parser/packages.go:122.33,124.17 2 0
github.com/Azure/gocover/pkg/parser/packages.go:124.17,126.4 1 0
github.com/Azure/gocover/pkg/parser/packages.go:133.53,134.44 1 0
github.com/Azure/gocover/pkg/parser/packages.go:137.2,138.12 2 0
github.com/Azure/gocover/pkg/parser/packages.go:134.44,136.3 1 0
github.com/Azure/gocover/pkg/parser/packages.go:147.44,148.46 1 0
github.com/Azure/gocover/pkg/parser/packages.go:151.2,151.45 1 0
github.com/Azure/gocover/pkg/parser/packages.go:148.46,150.3 1 0
github.com/Azure/gocover/pkg/parser/packages.go:151.45,153.3 1 0
github.com/Azure/gocover/pkg/parser/packages.go:153.8,157.3 3 0
github.com/Azure/gocover/pkg/parser/packages.go:165.64,173.24 6 0
github.com/Azure/gocover/pkg/parser/packages.go:182.2,183.30 2 0
github.com/Azure/gocover/pkg/parser/packages.go:197.2,197.29 1 0
github.com/Azure/gocover/pkg/parser/packages.go:211.2,211.16 1 0
github.com/Azure/gocover/pkg/parser/packages.go:173.24,174.35 1 0
github.com/Azure/gocover/pkg/parser/packages.go:174.35,175.34 1 0
github.com/Azure/gocover/pkg/parser/packages.go:175.34,177.5 1 0
github.com/Azure/gocover/pkg/parser/packages.go:183.30,184.15 1 0
github.com/Azure/gocover/pkg/parser/packages.go:184.15,186.4 1 0
github.com/Azure/gocover/pkg/parser/packages.go:186.9,188.18 2 0
github.com/Azure/gocover/pkg/parser/packages.go:191.4,192.35 2 0
github.com/Azure/gocover/pkg/parser/packages.go:188.18,190.5 1 0
github.com/Azure/gocover/pkg/parser/packages.go:197.29,199.17 2 0
github.com/Azure/gocover/pkg/parser/packages.go:202.3,204.17 3 0
github.com/Azure/gocover/pkg/parser/packages.go:207.3,207.37 1 0
github.com/Azure/gocover/pkg/parser/packages.go:199.17,201.4 1 0
github.com/Azure/gocover/pkg/parser/packages.go:204.17,206.4 1 0
github.com/Azure/gocover/pkg/parser/packages.go:207.37,209.4 1 0
github.com/Azure/gocover/pkg/parser/parser.go:24.11,32.2 1 0
github.com/Azure/gocover/pkg/parser/parser.go:45.74,46.60 1 0
github.com/Azure/gocover/pkg/parser/parser.go:50.2,50.51 1 0
github.com/Azure/gocover/pkg/parser/parser.go:55.2,57.41 2 0
github.com/Azure/gocover/pkg/parser/parser.go:64.2,64.38 1 0
github.com/Azure/gocover/pkg/parser/parser.go:68.2,68.20 1 0
github.com/Azure/gocover/pkg/parser/parser.go:46.60,49.3 2 0
github.com/Azure/gocover/pkg/parser/parser.go:50.51,53.3 2 0
github.com/Azure/gocover/pkg/parser/parser.go:57.41,58.74 1 0
github.com/Azure/gocover/pkg/parser/parser.go:58.74,61.4 2 0
github.com/Azure/gocover/pkg/parser/parser.go:64.38,66.3 1 0
github.com/Azure/gocover/pkg/parser/parser.go:74.76,76.56 1 0
github.com/Azure/gocover/pkg/parser/parser.go:94.2,94.12 1 0
github.com/Azure/gocover/pkg/parser/parser.go:76.56,78.17 2 0
github.com/Azure/gocover/pkg/parser/parser.go:82.3,82.21 1 0
github.com/Azure/gocover/pkg/parser/parser.go:87.3,87.30 1 0
github.com/Azure/gocover/pkg/parser/parser.go:78.17,80.4 1 0
github.com/Azure/gocover/pkg/parser/parser.go:82.21,84.12 2 0
github.com/Azure/gocover/pkg/parser/parser.go:87.30,88.37 1 0
github.com/Azure/gocover/pkg/parser/parser.go:88.37,90.5 1 0
github.com/Azure/gocover/pkg/parser/parser.go:98.49,100.47 1 0
github.com/Azure/gocover/pkg/parser/parser.go:116.2,116.12 1 0
github.com/Azure/gocover/pkg/parser/parser.go:100.47,102.16 2 0
github.com/Azure/gocover/pkg/parser/parser.go:105.3,106.10 2 0
github.com/Azure/gocover/pkg/parser/parser.go:102.16,104.4 1 0
github.com/Azure/gocover/pkg/parser/parser.go:106.10,108.18 2 0
github.com/Azure/gocover/pkg/parser/parser.go:111.4,112.68 2 0
github.com/Azure/gocover/pkg/parser/parser.go:108.18,110.5 1 0
github.com/Azure/gocover/pkg/parser/parser.go:125.86,127.16 2 0
github.com/Azure/gocover/pkg/parser/parser.go:131.2,134.16 3 0
github.com/Azure/gocover/pkg/parser/parser.go:139.2,140.16 2 0
github.com/Azure/gocover/pkg/parser/parser.go:144.2,144.26 1 0
github.com/Azure/gocover/pkg/parser/parser.go:158.2,159.16 2 0
github.com/Azure/gocover/pkg/parser/parser.go:163.2,164.29 2 0
github.com/Azure/gocover/pkg/parser/parser.go:192.2,193.26 2 0
github.com/Azure/gocover/pkg/parser/parser.go:225.2,226.12 2 0
github.com/Azure/gocover/pkg/parser/parser.go:127.16,130.3 2 0
github.com/Azure/gocover/pkg/parser/parser.go:134.16,137.3 2 0
github.com/Azure/gocover/pkg/parser/parser.go:140.16,143.3 2 0
github.com/Azure/gocover/pkg/parser/parser.go:144.26,145.51 1 0
github.com/Azure/gocover/pkg/parser/parser.go:145.51,147.4 1 0
github.com/Azure/gocover/pkg/parser/parser.go:147.9,148.44 1 0
github.com/Azure/gocover/pkg/parser/parser.go:148.44,150.5 1 0
github.com/Azure/gocover/pkg/parser/parser.go:159.16,162.3 2 0
github.com/Azure/gocover/pkg/parser/parser.go:164.29,173.31 2 0
github.com/Azure/gocover/pkg/parser/parser.go:188.3,188.43 1 0
github.com/Azure/gocover/pkg/parser/parser.go:173.31,187.4 3 0
github.com/Azure/gocover/pkg/parser/parser.go:193.26,195.28 1 0
github.com/Azure/gocover/pkg/parser/parser.go:195.28,196.87 1 0
github.com/Azure/gocover/pkg/parser/parser.go:201.4,201.87 1 0
github.com/Azure/gocover/pkg/parser/parser.go:206.4,208.28 2 0
github.com/Azure/gocover/pkg/parser/parser.go:221.4,221.9 1 0
github.com/Azure/gocover/pkg/parser/parser.go:196.87,199.10 2 0
github.com/Azure/gocover/pkg/parser/parser.go:201.87,203.13 1 0
github.com/Azure/gocover/pkg/parser/parser.go:208.28,209.53 1 0
github.com/Azure/gocover/pkg/parser/parser.go:209.53,212.6 2 0
github.com/Azure/gocover/pkg/parser/parser.go:212.11,214.52 1 0
github.com/Azure/gocover/pkg/parser/parser.go:214.52,217.7 2 0
github.com/Azure/gocover/pkg/parser/parser.go:230.90,232.15 2 0
github.com/Azure/gocover/pkg/parser/parser.go:235.2,236.9 2 0
github.com/Azure/gocover/pkg/parser/parser.go:240.2,240.58 1 0
github.com/Azure/gocover/pkg/parser/parser.go:232.15,234.3 1 0
github.com/Azure/gocover/pkg/parser/parser.go:236.9,238.3 1 0
github.com/Azure/gocover/pkg/parser/parser.go:244.52,247.16 3 0
github.com/Azure/gocover/pkg/parser/parser.go:250.2,252.27 3 0
github.com/Azure/gocover/pkg/parser/parser.go:247.16,249.3 1 0
github.com/Azure/gocover/pkg/parser/parser.go:280.43,282.19 2 0
github.com/Azure/gocover/pkg/parser/parser.go:282.19,284.3 1 0
github.com/Azure/gocover/pkg/parser/parser.go:284.8,288.3 1 0
github.com/Azure/gocover/pkg/parser/parser.go:291.34,292.23 1 0
github.com/Azure/gocover/pkg/parser/parser.go:293.21,294.23 1 0
github.com/Azure/gocover/pkg/parser/parser.go:295.22,296.65 1 0
github.com/Azure/gocover/pkg/parser/parser.go:297.18,298.16 1 0
github.com/Azure/gocover/pkg/parser/parser.go:299.10,300.12 1 0
github.com/Azure/gocover/pkg/parser/parser.go:305.56,308.26 3 0
github.com/Azure/gocover/pkg/parser/parser.go:315.2,315.17 1 0
github.com/Azure/gocover/pkg/parser/parser.go:336.2,336.10 1 0
github.com/Azure/gocover/pkg/parser/parser.go:309.20,310.16 1 0
github.com/Azure/gocover/pkg/parser/parser.go:311.21,313.25 2 0
github.com/Azure/gocover/pkg/parser/parser.go:315.17,318.17 3 0
github.com/Azure/gocover/pkg/parser/parser.go:321.3,334.21 4 0
github.com/Azure/gocover/pkg/parser/parser.go:318.17,320.4 1 0
github.com/Azure/gocover/pkg/parser/parser.go:344.45,346.23 2 0
github.com/Azure/gocover/pkg/parser/parser.go:402.2,402.23 1 0
github.com/Azure/gocover/pkg/parser/parser.go:405.2,405.40 1 0
github.com/Azure/gocover/pkg/parser/parser.go:347.22,348.23 1 0
github.com/Azure/gocover/pkg/parser/parser.go:349.23,350.23 1 0
github.com/Azure/gocover/pkg/parser/parser.go:351.23,352.23 1 0
github.com/Azure/gocover/pkg/parser/parser.go:353.20,354.20 1 0
github.com/Azure/gocover/pkg/parser/parser.go:357.3,357.20 1 0
github.com/Azure/gocover/pkg/parser/parser.go:360.3,360.22 1 0
github.com/Azure/gocover/pkg/parser/parser.go:361.19,362.20 1 0
github.com/Azure/gocover/pkg/parser/parser.go:365.3,366.20 2 0
github.com/Azure/gocover/pkg/parser/parser.go:384.24,385.22 1 0
github.com/Azure/gocover/pkg/parser/parser.go:386.22,387.22 1 0
github.com/Azure/gocover/pkg/parser/parser.go:388.23,389.22 1 0
github.com/Azure/gocover/pkg/parser/parser.go:390.23,391.20 1 0
github.com/Azure/gocover/pkg/parser/parser.go:394.3,394.22 1 0
github.com/Azure/gocover/pkg/parser/parser.go:395.27,396.20 1 0
github.com/Azure/gocover/pkg/parser/parser.go:399.3,400.22 2 0
github.com/Azure/gocover/pkg/parser/parser.go:354.20,356.4 1 0
github.com/Azure/gocover/pkg/parser/parser.go:357.20,359.4 1 0
github.com/Azure/gocover/pkg/parser/parser.go:362.20,364.4 1 0
github.com/Azure/gocover/pkg/parser/parser.go:366.20,369.33 2 0
github.com/Azure/gocover/pkg/parser/parser.go:382.4,382.23 1 0
github.com/Azure/gocover/pkg/parser/parser.go:370.21,376.19 2 0
github.com/Azure/gocover/pkg/parser/parser.go:377.24,378.32 1 0
github.com/Azure/gocover/pkg/parser/parser.go:379.12,380.40 1 0
github.com/Azure/gocover/pkg/parser/parser.go:391.20,393.4 1 0
github.com/Azure/gocover/pkg/parser/parser.go:396.20,398.4 1 0
github.com/Azure/gocover/pkg/parser/parser.go:402.23,404.3 1 0
github.com/Azure/gocover/pkg/parser/parser.go:405.40,407.19 2 0
github.com/Azure/gocover/pkg/parser/parser.go:422.3,422.17 1 0
github.com/Azure/gocover/pkg/parser/parser.go:408.57,409.9 1 0
github.com/Azure/gocover/pkg/parser/parser.go:410.11,420.51 3 0
github.com/Azure/gocover/pkg/parser/parser.go:429.91,430.19 1 0
github.com/Azure/gocover/pkg/parser/parser.go:433.2,433.26 1 0
github.com/Azure/gocover/pkg/parser/parser.go:437.2,440.36 3 0
github.com/Azure/gocover/pkg/parser/parser.go:430.19,432.3 1 0
github.com/Azure/gocover/pkg/parser/parser.go:433.26,435.3 1 0
github.com/Azure/gocover/pkg/parser/parser.go:440.36,441.63 1 0
github.com/Azure/gocover/pkg/parser/parser.go:441.63,442.51 1 0
github.com/Azure/gocover/pkg/parser/parser.go:442.51,444.5 1 0
github.com/Azure/gocover/pkg/parser/parser.go:449.35,452.2 2 0
github.com/Azure/gocover/pkg/parser/parser.go:463.102,464.55 1 0
github.com/Azure/gocover/pkg/parser/parser.go:468.2,468.14 1 0
github.com/Azure/gocover/pkg/parser/parser.go:472.2,475.67 3 0
github.com/Azure/gocover/pkg/parser/parser.go:464.55,466.3 1 0
github.com/Azure/gocover/pkg/parser/parser.go:468.14,470.3 1 0
github.com/Azure/gocover/pkg/parser/parser.go:475.67,481.3 2 0
github.com/Azure/gocover/pkg/parser/parser.go:484.66,486.2 1 0
github.com/Azure/gocover/pkg/parser/parser.go:490.42,490.59 1 0
github.com/Azure/gocover/pkg/parser/parser.go:491.42,491.69 1 0
github.com/Azure/gocover/pkg/parser/parser.go:492.47,495.2 2 0
github.com/Azure/gocover/pkg/parser/parser.go:498.84,499.33 1 0
github.com/Azure/gocover/pkg/parser/parser.go:504.2,504.12 1 0
github.com/Azure/gocover/pkg/parser/parser.go:499.33,500.50 1 0
github.com/Azure/gocover/pkg/parser/parser.go:500.50,502.4 1 0
github.com/Azure/gocover/pkg/parser/parser.go:508.48,510.2 1 0
github.com/Azure/gocover/pkg/dbclient/client.go:64.37,65.30 1 0
github.com/Azure/gocover/pkg/dbclient/client.go:69.2,69.23 1 0
github.com/Azure/gocover/pkg/dbclient/client.go:72.2,72.61 1 0
github.com/Azure/gocover/pkg/dbclient/client.go:65.30,67.3 1 0
github.com/Azure/gocover/pkg/dbclient/client.go:69.23,71.3 1 0
github.com/Azure/gocover/pkg/dbclient/client.go:75.77,76.18 1 0
github.com/Azure/gocover/pkg/dbclient/client.go:77.13,79.40 2 0
github.com/Azure/gocover/pkg/dbclient/client.go:80.10,81.67 1 0
github.com/Azure/gocover/pkg/annotation/annotation.go:63.96,65.16 2 0
github.com/Azure/gocover/pkg/annotation/annotation.go:68.2,71.16 3 0
github.com/Azure/gocover/pkg/annotation/annotation.go:74.2,75.21 2 0
github.com/Azure/gocover/pkg/annotation/annotation.go:65.16,67.3 1 0
github.com/Azure/gocover/pkg/annotation/annotation.go:71.16,73.3 1 0
github.com/Azure/gocover/pkg/annotation/annotation.go:79.103,83.15 4 0
github.com/Azure/gocover/pkg/annotation/annotation.go:87.2,96.21 5 0
github.com/Azure/gocover/pkg/annotation/annotation.go:124.2,124.21 1 0
github.com/Azure/gocover/pkg/annotation/annotation.go:83.15,85.3 1 0
github.com/Azure/gocover/pkg/annotation/annotation.go:96.21,98.17 2 0
github.com/Azure/gocover/pkg/annotation/annotation.go:103.3,103.23 1 0
github.com/Azure/gocover/pkg/annotation/annotation.go:108.3,108.27 1 0
github.com/Azure/gocover/pkg/annotation/annotation.go:98.17,100.4 1 0
github.com/Azure/gocover/pkg/annotation/annotation.go:103.23,105.12 2 0
github.com/Azure/gocover/pkg/annotation/annotation.go:108.27,113.9 5 0
github.com/Azure/gocover/pkg/annotation/annotation.go:114.9,114.35 1 0
github.com/Azure/gocover/pkg/annotation/annotation.go:114.35,118.4 1 0
github.com/Azure/gocover/pkg/annotation/annotation.go:118.9,121.4 1 0
github.com/Azure/gocover/pkg/annotation/annotation.go:129.157,130.35 1 0
github.com/Azure/gocover/pkg/annotation/annotation.go:134.2,134.64 1 0
github.com/Azure/gocover/pkg/annotation/annotation.go:138.2,138.13 1 0
github.com/Azure/gocover/pkg/annotation/annotation.go:160.2,162.55 2 0
github.com/Azure/gocover/pkg/annotation/annotation.go:175.2,175.33 1 0
github.com/Azure/gocover/pkg/annotation/annotation.go:130.35,132.3 1 0
github.com/Azure/gocover/pkg/annotation/annotation.go:134.64,136.3 1 0
github.com/Azure/gocover/pkg/annotation/annotation.go:139.9,139.9 0 0
github.com/Azure/gocover/pkg/annotation/annotation.go:140.10,151.122 1 0
github.com/Azure/gocover/pkg/annotation/annotation.go:155.3,155.38 1 0
github.com/Azure/gocover/pkg/annotation/annotation.go:151.122,153.9 2 0
github.com/Azure/gocover/pkg/annotation/annotation.go:155.38,157.4 1 0
github.com/Azure/gocover/pkg/annotation/annotation.go:162.55,166.67 2 0
github.com/Azure/gocover/pkg/annotation/annotation.go:172.3,172.52 1 0
github.com/Azure/gocover/pkg/annotation/annotation.go:166.67,171.4 2 0
github.com/Azure/gocover/pkg/annotation/annotation.go:178.81,181.18 2 0
github.com/Azure/gocover/pkg/annotation/annotation.go:185.2,190.27 5 0
github.com/Azure/gocover/pkg/annotation/annotation.go:194.2,194.21 1 0
github.com/Azure/gocover/pkg/annotation/annotation.go:201.2,201.35 1 0
github.com/Azure/gocover/pkg/annotation/annotation.go:181.18,183.3 1 0
github.com/Azure/gocover/pkg/annotation/annotation.go:190.27,192.3 1 0
github.com/Azure/gocover/pkg/annotation/annotation.go:194.21,199.3 1 0
github.com/Azure/gocover/pkg/annotation/annotation.go:206.39,206.56 1 0
github.com/Azure/gocover/pkg/annotation/annotation.go:207.39,207.66 1 0
github.com/Azure/gocover/pkg/annotation/annotation.go:208.44,211.2 2 0
github.com/Azure/gocover/pkg/gocover/executor.go:27.80,29.16 2 0
github.com/Azure/gocover/pkg/gocover/executor.go:33.2,33.23 1 0
github.com/Azure/gocover/pkg/gocover/executor.go:41.2,41.24 1 0
github.com/Azure/gocover/pkg/gocover/executor.go:29.16,31.3 1 0
github.com/Azure/gocover/pkg/gocover/executor.go:33.23,35.17 2 0
github.com/Azure/gocover/pkg/gocover/executor.go:38.3,38.20 1 0
github.com/Azure/gocover/pkg/gocover/executor.go:35.17,37.4 1 0
github.com/Azure/gocover/pkg/gocover/executor.go:42.18,54.9 1 0
github.com/Azure/gocover/pkg/gocover/executor.go:55.22,68.9 1 0
github.com/Azure/gocover/pkg/gocover/executor.go:69.10,70.75 1 0
github.com/Azure/gocover/pkg/gocover/executor.go:90.64,108.34 10 0
github.com/Azure/gocover/pkg/gocover/executor.go:113.2,114.16 2 0
github.com/Azure/gocover/pkg/gocover/executor.go:118.2,121.41 3 0
github.com/Azure/gocover/pkg/gocover/executor.go:126.2,126.12 1 0
github.com/Azure/gocover/pkg/gocover/executor.go:108.34,111.3 2 0
github.com/Azure/gocover/pkg/gocover/executor.go:114.16,116.3 1 0
github.com/Azure/gocover/pkg/gocover/executor.go:121.41,125.3 3 0
github.com/Azure/gocover/pkg/gocover/executor.go:142.61,144.16 2 0
github.com/Azure/gocover/pkg/gocover/executor.go:148.2,149.16 2 0
github.com/Azure/gocover/pkg/gocover/executor.go:153.2,154.31 2 0
github.com/Azure/gocover/pkg/gocover/executor.go:158.2,159.16 2 0
github.com/Azure/gocover/pkg/gocover/executor.go:163.2,164.16 2 0
github.com/Azure/gocover/pkg/gocover/executor.go:168.2,169.41 2 0
github.com/Azure/gocover/pkg/gocover/executor.go:175.2,175.31 1 0
github.com/Azure/gocover/pkg/gocover/executor.go:180.2,180.12 1 0
github.com/Azure/gocover/pkg/gocover/executor.go:144.16,146.3 1 0
github.com/Azure/gocover/pkg/gocover/executor.go:149.16,151.3 1 0
github.com/Azure/gocover/pkg/gocover/executor.go:154.31,156.3 1 0
github.com/Azure/gocover/pkg/gocover/executor.go:159.16,161.3 1 0
github.com/Azure/gocover/pkg/gocover/executor.go:164.16,166.3 1 0
github.com/Azure/gocover/pkg/gocover/executor.go:169.41,173.3 3 0
github.com/Azure/gocover/pkg/gocover/executor.go:175.31,178.3 2 0
github.com/Azure/gocover/pkg/gocover/executor.go:183.83,186.16 3 0
github.com/Azure/gocover/pkg/gocover/executor.go:189.2,192.34 3 0
github.com/Azure/gocover/pkg/gocover/executor.go:206.2,206.20 1 0
github.com/Azure/gocover/pkg/gocover/executor.go:186.16,188.3 1 0
github.com/Azure/gocover/pkg/gocover/executor.go:192.34,194.17 2 0
github.com/Azure/gocover/pkg/gocover/executor.go:197.3,200.16 3 0
github.com/Azure/gocover/pkg/gocover/executor.go:203.3,203.13 1 0
github.com/Azure/gocover/pkg/gocover/executor.go:194.17,196.4 1 0
github.com/Azure/gocover/pkg/gocover/executor.go:200.16,202.4 1 0
github.com/Azure/gocover/pkg/gocover/executor.go:209.73,226.39 11 0
github.com/Azure/gocover/pkg/gocover/executor.go:230.2,233.38 3 0
github.com/Azure/gocover/pkg/gocover/executor.go:238.2,247.37 9 0
github.com/Azure/gocover/pkg/gocover/executor.go:251.2,253.12 2 0
github.com/Azure/gocover/pkg/gocover/executor.go:226.39,229.3 2 0
github.com/Azure/gocover/pkg/gocover/executor.go:233.38,234.56 1 0
github.com/Azure/gocover/pkg/gocover/executor.go:234.56,236.4 1 0
github.com/Azure/gocover/pkg/gocover/executor.go:247.37,250.3 2 0
github.com/Azure/gocover/pkg/gocover/executor.go:256.54,257.46 1 0
github.com/Azure/gocover/pkg/gocover/executor.go:261.2,261.16 1 0
github.com/Azure/gocover/pkg/gocover/executor.go:264.2,264.19 1 0
github.com/Azure/gocover/pkg/gocover/executor.go:257.46,260.3 1 0
github.com/Azure/gocover/pkg/gocover/executor.go:261.16,263.3 1 0
github.com/Azure/gocover/pkg/gocover/executor.go:267.64,269.80 2 0
github.com/Azure/gocover/pkg/gocover/executor.go:275.2,275.19 1 0
github.com/Azure/gocover/pkg/gocover/executor.go:269.80,270.15 1 0
github.com/Azure/gocover/pkg/gocover/executor.go:273.3,273.13 1 0
github.com/Azure/gocover/pkg/gocover/executor.go:270.15,272.4 1 0
github.com/Azure/gocover/pkg/gocover/executor.go:278.21,280.31 2 0
github.com/Azure/gocover/pkg/gocover/executor.go:283.2,284.41 2 0
github.com/Azure/gocover/pkg/gocover/executor.go:287.2,287.13 1 0
github.com/Azure/gocover/pkg/gocover/executor.go:280.31,282.3 1 0
github.com/Azure/gocover/pkg/gocover/executor.go:284.41,286.3 1 0
github.com/Azure/gocover/pkg/gocover/executor.go:290.25,292.31 2 0
github.com/Azure/gocover/pkg/gocover/executor.go:295.2,296.41 2 0
github.com/Azure/gocover/pkg/gocover/executor.go:299.2,299.17 1 0
github.com/Azure/gocover/pkg/gocover/executor.go:292.31,294.3 1 0
github.com/Azure/gocover/pkg/gocover/executor.go:296.41,298.3 1 0
github.com/Azure/gocover/pkg/gocover/executor.go:307.20,308.14 1 0
github.com/Azure/gocover/pkg/gocover/executor.go:309.20,322.5 1 0
github.com/Azure/gocover/pkg/gocover/executor.go:323.20,338.5 1 0
github.com/Azure/gocover/pkg/gocover/executor.go:339.10,340.37 1 0
github.com/Azure/gocover/pkg/cmd/cmd.go:80.54,83.16 3 0
github.com/Azure/gocover/pkg/cmd/cmd.go:87.2,87.13 1 0
github.com/Azure/gocover/pkg/cmd/cmd.go:90.2,90.15 1 0
github.com/Azure/gocover/pkg/cmd/cmd.go:83.16,86.3 1 0
github.com/Azure/gocover/pkg/cmd/cmd.go:87.13,89.3 1 0
github.com/Azure/gocover/pkg/cmd/cmd.go:94.69,100.68 1 0
github.com/Azure/gocover/pkg/cmd/cmd.go:108.2,123.12 14 0
github.com/Azure/gocover/pkg/cmd/cmd.go:100.68,101.46 1 0
github.com/Azure/gocover/pkg/cmd/cmd.go:104.4,104.14 1 0
github.com/Azure/gocover/pkg/cmd/cmd.go:101.46,103.5 1 0
github.com/Azure/gocover/pkg/cmd/cmd.go:126.46,133.55 2 0
github.com/Azure/gocover/pkg/cmd/cmd.go:153.2,166.12 12 0
github.com/Azure/gocover/pkg/cmd/cmd.go:133.55,138.18 4 0
github.com/Azure/gocover/pkg/cmd/cmd.go:142.4,145.40 3 0
github.com/Azure/gocover/pkg/cmd/cmd.go:149.4,149.14 1 0
github.com/Azure/gocover/pkg/cmd/cmd.go:138.18,140.5 1 0
github.com/Azure/gocover/pkg/cmd/cmd.go:145.40,147.5 1 0
github.com/Azure/gocover/pkg/cmd/cmd.go:169.46,177.55 2 0
github.com/Azure/gocover/pkg/cmd/cmd.go:197.2,209.12 11 0
github.com/Azure/gocover/pkg/cmd/cmd.go:177.55,182.18 4 0
github.com/Azure/gocover/pkg/cmd/cmd.go:186.4,189.40 3 0
github.com/Azure/gocover/pkg/cmd/cmd.go:193.4,193.14 1 0
github.com/Azure/gocover/pkg/cmd/cmd.go:182.18,184.5 1 0
github.com/Azure/gocover/pkg/cmd/cmd.go:189.40,191.5 1 0
github.com/Azure/gocover/pkg/cmd/cmd.go:212.45,220.55 2 0
github.com/Azure/gocover/pkg/cmd/cmd.go:237.2,251.12 15 0
github.com/Azure/gocover/pkg/cmd/cmd.go:220.55,230.18 8 0
github.com/Azure/gocover/pkg/cmd/cmd.go:233.4,233.21 1 0
github.com/Azure/gocover/pkg/cmd/cmd.go:230.18,232.5 1 0
github.com/Azure/gocover/main.go:22.13,24.42 2 0
github.com/Azure/gocover/main.go:24.42,27.25 3 0
github.com/Azure/gocover/main.go:30.3,30.20 1 0
github.com/Azure/gocover/main.go:27.25,29.4 1 0
github.com/Azure/gocover/pkg/gocover/options.go:30.34,35.2 1 0
github.com/Azure/gocover/pkg/gocover/options.go:37.39,39.2 1 0
github.com/Azure/gocover/pkg/gocover/options.go:62.34,68.2 1 0
github.com/Azure/gocover/pkg/gocover/options.go:70.39,72.2 1 0
github.com/Azure/gocover/pkg/gocover/options.go:115.48,121.2 1 0
github.com/Azure/gocover/pkg/gittool/diff.go:22.22,24.16 2 1
github.com/Azure/gocover/pkg/gittool/diff.go:27.2,30.8 1 1
github.com/Azure/gocover/pkg/gittool/diff.go:24.16,26.3 1 1
github.com/Azure/gocover/pkg/gittool/diff.go:45.87,47.16 2 1
github.com/Azure/gocover/pkg/gittool/diff.go:51.2,52.33 2 1
github.com/Azure/gocover/pkg/gittool/diff.go:73.2,73.25 1 1
github.com/Azure/gocover/pkg/gittool/diff.go:47.16,49.3 1 1
github.com/Azure/gocover/pkg/gittool/diff.go:52.33,54.17 2 0
github.com/Azure/gocover/pkg/gittool/diff.go:57.3,58.27 2 0
github.com/Azure/gocover/pkg/gittool/diff.go:62.3,63.17 2 0
github.com/Azure/gocover/pkg/gittool/diff.go:68.3,68.24 1 0
github.com/Azure/gocover/pkg/gittool/diff.go:54.17,56.4 1 0
github.com/Azure/gocover/pkg/gittool/diff.go:58.27,60.4 1 0
github.com/Azure/gocover/pkg/gittool/diff.go:63.17,65.4 1 0
github.com/Azure/gocover/pkg/gittool/diff.go:68.24,70.4 1 0
github.com/Azure/gocover/pkg/gittool/diff.go:80.82,83.16 2 1
github.com/Azure/gocover/pkg/gittool/diff.go:87.2,88.16 2 1
github.com/Azure/gocover/pkg/gittool/diff.go:91.2,92.16 2 1
github.com/Azure/gocover/pkg/gittool/diff.go:97.2,98.16 2 1
github.com/Azure/gocover/pkg/gittool/diff.go:102.2,103.16 2 1
github.com/Azure/gocover/pkg/gittool/diff.go:106.2,107.16 2 1
github.com/Azure/gocover/pkg/gittool/diff.go:111.2,111.50 1 1
github.com/Azure/gocover/pkg/gittool/diff.go:83.16,85.3 1 0
github.com/Azure/gocover/pkg/gittool/diff.go:88.16,90.3 1 0
github.com/Azure/gocover/pkg/gittool/diff.go:92.16,94.3 1 0
github.com/Azure/gocover/pkg/gittool/diff.go:98.16,100.3 1 1
github.com/Azure/gocover/pkg/gittool/diff.go:103.16,105.3 1 0
github.com/Azure/gocover/pkg/gittool/diff.go:107.16,109.3 1 0
github.com/Azure/gocover/pkg/gittool/diff.go:116.85,119.30 2 1
github.com/Azure/gocover/pkg/gittool/diff.go:123.2,123.9 1 1
github.com/Azure/gocover/pkg/gittool/diff.go:141.2,141.17 1 1
github.com/Azure/gocover/pkg/gittool/diff.go:119.30,121.3 1 1
github.com/Azure/gocover/pkg/gittool/diff.go:125.32,126.19 1 1
github.com/Azure/gocover/pkg/gittool/diff.go:131.19,132.19 1 1
github.com/Azure/gocover/pkg/gittool/diff.go:137.17,137.17 0 1
github.com/Azure/gocover/pkg/gittool/diff.go:126.19,128.4 1 1
github.com/Azure/gocover/pkg/gittool/diff.go:132.19,134.4 1 1
github.com/Azure/gocover/pkg/gittool/diff.go:145.40,149.2 1 1
github.com/Azure/gocover/pkg/gittool/diff.go:154.98,161.31 3 1
github.com/Azure/gocover/pkg/gittool/diff.go:197.2,201.8 1 1
github.com/Azure/gocover/pkg/gittool/diff.go:161.31,163.23 1 1
github.com/Azure/gocover/pkg/gittool/diff.go:164.19,166.23 2 1
github.com/Azure/gocover/pkg/gittool/diff.go:170.17,176.23 5 1
github.com/Azure/gocover/pkg/gittool/diff.go:182.4,190.6 2 1
github.com/Azure/gocover/pkg/gittool/diff.go:192.20,192.20 0 1
github.com/Azure/gocover/pkg/gittool/diff.go:166.23,168.5 1 1
github.com/Azure/gocover/pkg/gittool/diff.go:176.23,180.5 3 1
github.com/Azure/gocover/pkg/gittool/diff.go:208.75,212.16 3 1
github.com/Azure/gocover/pkg/gittool/diff.go:216.2,221.21 4 1
github.com/Azure/gocover/pkg/gittool/diff.go:226.2,238.8 2 1
github.com/Azure/gocover/pkg/gittool/diff.go:212.16,214.3 1 1
github.com/Azure/gocover/pkg/gittool/diff.go:221.21,224.3 2 1
github.com/Azure/gocover/pkg/gocover/diffcover.go:18.51,25.19 3 0
github.com/Azure/gocover/pkg/gocover/diffcover.go:28.2,30.38 2 0
github.com/Azure/gocover/pkg/gocover/diffcover.go:37.2,38.16 2 0
github.com/Azure/gocover/pkg/gocover/diffcover.go:42.2,43.16 2 0
github.com/Azure/gocover/pkg/gocover/diffcover.go:47.2,63.8 2 0
github.com/Azure/gocover/pkg/gocover/diffcover.go:25.19,27.3 1 0
github.com/Azure/gocover/pkg/gocover/diffcover.go:30.38,32.17 2 0
github.com/Azure/gocover/pkg/gocover/diffcover.go:32.17,34.4 1 0
github.com/Azure/gocover/pkg/gocover/diffcover.go:38.16,40.3 1 0
github.com/Azure/gocover/pkg/gocover/diffcover.go:43.16,45.3 1 0
github.com/Azure/gocover/pkg/gocover/diffcover.go:88.55,91.16 2 0
github.com/Azure/gocover/pkg/gocover/diffcover.go:95.2,95.72 1 0
github.com/Azure/gocover/pkg/gocover/diffcover.go:99.2,99.39 1 0
github.com/Azure/gocover/pkg/gocover/diffcover.go:103.2,103.46 1 0
github.com/Azure/gocover/pkg/gocover/diffcover.go:107.2,107.12 1 0
github.com/Azure/gocover/pkg/gocover/diffcover.go:91.16,93.3 1 0
github.com/Azure/gocover/pkg/gocover/diffcover.go:95.72,97.3 1 0
github.com/Azure/gocover/pkg/gocover/diffcover.go:99.39,101.3 1 0
github.com/Azure/gocover/pkg/gocover/diffcover.go:103.46,105.3 1 0
github.com/Azure/gocover/pkg/gocover/diffcover.go:110.66,111.61 1 0
github.com/Azure/gocover/pkg/gocover/diffcover.go:121.2,121.12 1 0
github.com/Azure/gocover/pkg/gocover/diffcover.go:111.61,120.3 1 0
github.com/Azure/gocover/pkg/gocover/diffcover.go:124.56,127.26 2 0
github.com/Azure/gocover/pkg/gocover/diffcover.go:138.2,139.12 2 0
github.com/Azure/gocover/pkg/gocover/diffcover.go:127.26,129.17 2 0
github.com/Azure/gocover/pkg/gocover/diffcover.go:132.3,133.17 2 0
github.com/Azure/gocover/pkg/gocover/diffcover.go:129.17,131.4 1 0
github.com/Azure/gocover/pkg/gocover/diffcover.go:133.17,135.4 1 0
github.com/Azure/gocover/pkg/gocover/diffcover.go:142.67,144.16 2 0
github.com/Azure/gocover/pkg/gocover/diffcover.go:147.2,148.16 2 0
github.com/Azure/gocover/pkg/gocover/diffcover.go:151.2,151.21 1 0
github.com/Azure/gocover/pkg/gocover/diffcover.go:144.16,146.3 1 0
github.com/Azure/gocover/pkg/gocover/diffcover.go:148.16,150.3 1 0
github.com/Azure/gocover/pkg/gocover/diffcover.go:154.73,156.16 2 0
github.com/Azure/gocover/pkg/gocover/diffcover.go:160.2,161.16 2 0
github.com/Azure/gocover/pkg/gocover/diffcover.go:165.2,173.31 6 0
github.com/Azure/gocover/pkg/gocover/diffcover.go:259.2,259.26 1 0
github.com/Azure/gocover/pkg/gocover/diffcover.go:267.2,271.24 3 0
github.com/Azure/gocover/pkg/gocover/diffcover.go:156.16,158.3 1 0
github.com/Azure/gocover/pkg/gocover/diffcover.go:161.16,163.3 1 0
github.com/Azure/gocover/pkg/gocover/diffcover.go:173.31,178.17 4 0
github.com/Azure/gocover/pkg/gocover/diffcover.go:182.3,182.37 1 0
github.com/Azure/gocover/pkg/gocover/diffcover.go:178.17,180.4 1 0
github.com/Azure/gocover/pkg/gocover/diffcover.go:182.37,186.11 2 0
github.com/Azure/gocover/pkg/gocover/diffcover.go:193.4,194.18 2 0
github.com/Azure/gocover/pkg/gocover/diffcover.go:198.4,203.50 2 0
github.com/Azure/gocover/pkg/gocover/diffcover.go:207.4,210.38 4 0
github.com/Azure/gocover/pkg/gocover/diffcover.go:231.4,231.15 1 0
github.com/Azure/gocover/pkg/gocover/diffcover.go:186.11,191.5 2 0
github.com/Azure/gocover/pkg/gocover/diffcover.go:194.18,196.5 1 0
github.com/Azure/gocover/pkg/gocover/diffcover.go:203.50,205.5 1 0
github.com/Azure/gocover/pkg/gocover/diffcover.go:210.38,211.36 1 0
github.com/Azure/gocover/pkg/gocover/diffcover.go:215.5,218.33 3 0
github.com/Azure/gocover/pkg/gocover/diffcover.go:222.5,222.23 1 0
github.com/Azure/gocover/pkg/gocover/diffcover.go:211.36,212.14 1 0
github.com/Azure/gocover/pkg/gocover/diffcover.go:218.33,221.6 2 0
github.com/Azure/gocover/pkg/gocover/diffcover.go:222.23,224.6 1 0
github.com/Azure/gocover/pkg/gocover/diffcover.go:224.11,227.6 2 0
github.com/Azure/gocover/pkg/gocover/diffcover.go:231.15,238.11 1 0
github.com/Azure/gocover/pkg/gocover/diffcover.go:242.5,246.17 5 0
github.com/Azure/gocover/pkg/gocover/diffcover.go:249.5,249.38 1 0
github.com/Azure/gocover/pkg/gocover/diffcover.go:238.11,239.14 1 0
github.com/Azure/gocover/pkg/gocover/diffcover.go:246.17,248.6 1 0
github.com/Azure/gocover/pkg/gocover/diffcover.go:249.38,253.6 3 0
github.com/Azure/gocover/pkg/gocover/diffcover.go:259.26,265.3 5 0
github.com/Azure/gocover/pkg/gocover/fullcover.go:17.51,24.19 3 0
github.com/Azure/gocover/pkg/gocover/fullcover.go:27.2,29.38 2 0
github.com/Azure/gocover/pkg/gocover/fullcover.go:36.2,37.16 2 0
github.com/Azure/gocover/pkg/gocover/fullcover.go:41.2,42.16 2 0
github.com/Azure/gocover/pkg/gocover/fullcover.go:46.2,60.8 2 0
github.com/Azure/gocover/pkg/gocover/fullcover.go:24.19,26.3 1 0
github.com/Azure/gocover/pkg/gocover/fullcover.go:29.38,31.17 2 0
github.com/Azure/gocover/pkg/gocover/fullcover.go:31.17,33.4 1 0
github.com/Azure/gocover/pkg/gocover/fullcover.go:37.16,39.3 1 0
github.com/Azure/gocover/pkg/gocover/fullcover.go:42.16,44.3 1 0
github.com/Azure/gocover/pkg/gocover/fullcover.go:82.55,85.16 2 0
github.com/Azure/gocover/pkg/gocover/fullcover.go:89.2,89.72 1 0
github.com/Azure/gocover/pkg/gocover/fullcover.go:93.2,93.39 1 0
github.com/Azure/gocover/pkg/gocover/fullcover.go:97.2,97.12 1 0
github.com/Azure/gocover/pkg/gocover/fullcover.go:85.16,87.3 1 0
github.com/Azure/gocover/pkg/gocover/fullcover.go:89.72,91.3 1 0
github.com/Azure/gocover/pkg/gocover/fullcover.go:93.39,95.3 1 0
github.com/Azure/gocover/pkg/gocover/fullcover.go:100.56,103.26 2 0
github.com/Azure/gocover/pkg/gocover/fullcover.go:114.2,115.12 2 0
github.com/Azure/gocover/pkg/gocover/fullcover.go:103.26,105.17 2 0
github.com/Azure/gocover/pkg/gocover/fullcover.go:108.3,109.17 2 0
github.com/Azure/gocover/pkg/gocover/fullcover.go:105.17,107.4 1 0
github.com/Azure/gocover/pkg/gocover/fullcover.go:109.17,111.4 1 0
github.com/Azure/gocover/pkg/gocover/fullcover.go:118.73,120.16 2 0
github.com/Azure/gocover/pkg/gocover/fullcover.go:124.2,129.31 4 0
github.com/Azure/gocover/pkg/gocover/fullcover.go:210.2,214.24 3 0
github.com/Azure/gocover/pkg/gocover/fullcover.go:120.16,122.3 1 0
github.com/Azure/gocover/pkg/gocover/fullcover.go:129.31,134.17 4 0
github.com/Azure/gocover/pkg/gocover/fullcover.go:138.3,138.37 1 0
github.com/Azure/gocover/pkg/gocover/fullcover.go:134.17,136.4 1 0
github.com/Azure/gocover/pkg/gocover/fullcover.go:138.37,145.10 1 0
github.com/Azure/gocover/pkg/gocover/fullcover.go:150.4,151.11 2 0
github.com/Azure/gocover/pkg/gocover/fullcover.go:159.4,160.18 2 0
github.com/Azure/gocover/pkg/gocover/fullcover.go:164.4,169.50 2 0
github.com/Azure/gocover/pkg/gocover/fullcover.go:173.4,177.38 4 0
github.com/Azure/gocover/pkg/gocover/fullcover.go:196.4,203.16 7 0
github.com/Azure/gocover/pkg/gocover/fullcover.go:145.10,146.13 1 0
github.com/Azure/gocover/pkg/gocover/fullcover.go:151.11,157.5 3 0
github.com/Azure/gocover/pkg/gocover/fullcover.go:160.18,162.5 1 0
github.com/Azure/gocover/pkg/gocover/fullcover.go:169.50,171.5 1 0
github.com/Azure/gocover/pkg/gocover/fullcover.go:177.38,181.33 3 0
github.com/Azure/gocover/pkg/gocover/fullcover.go:186.5,186.23 1 0
github.com/Azure/gocover/pkg/gocover/fullcover.go:181.33,185.6 3 0
github.com/Azure/gocover/pkg/gocover/fullcover.go:186.23,189.6 2 0
github.com/Azure/gocover/pkg/gocover/fullcover.go:189.11,192.6 2 0
github.com/Azure/gocover/pkg/gocover/fullcover.go:203.16,205.5 1 0
github.com/Azure/gocover/pkg/gocover/funcs.go:32.116,33.34 1 0
github.com/Azure/gocover/pkg/gocover/funcs.go:37.2,37.42 1 0
github.com/Azure/gocover/pkg/gocover/funcs.go:49.2,49.14 1 0
github.com/Azure/gocover/pkg/gocover/funcs.go:33.34,35.3 1 0
github.com/Azure/gocover/pkg/gocover/funcs.go:37.42,39.17 2 0
github.com/Azure/gocover/pkg/gocover/funcs.go:43.3,43.12 1 0
github.com/Azure/gocover/pkg/gocover/funcs.go:39.17,41.12 2 0
github.com/Azure/gocover/pkg/gocover/funcs.go:43.12,47.4 3 0
github.com/Azure/gocover/pkg/gocover/funcs.go:53.65,54.21 1 0
github.com/Azure/gocover/pkg/gocover/funcs.go:57.2,57.53 1 0
github.com/Azure/gocover/pkg/gocover/funcs.go:54.21,56.3 1 0
github.com/Azure/gocover/pkg/gocover/funcs.go:61.70,62.38 1 0
github.com/Azure/gocover/pkg/gocover/funcs.go:69.2,78.23 3 0
github.com/Azure/gocover/pkg/gocover/funcs.go:62.38,67.3 4 0
github.com/Azure/gocover/pkg/gocover/funcs.go:78.23,80.3 1 0
github.com/Azure/gocover/pkg/gocover/funcs.go:90.75,94.2 1 0
[...]
github.com/Azure/gocover/pkg/annotation/annotation.go:103.3,103.23 1 0
github.com/Azure/gocover/pkg/annotation/annotation.go:108.3,108.27 1 0
github.com/Azure/gocover/pkg/annotation/annotation.go:98.17,100.4 1 0
github.com/Azure/gocover/pkg/annotation/annotation.go:103.23,105.12 2 0
github.com/Azure/gocover/pkg/annotation/annotation.go:108.27,113.9 5 0
github.com/Azure/gocover/pkg/annotation/annotation.go:114.9,114.35 1 0
github.com/Azure/gocover/pkg/annotation/annotation.go:114.35,118.4 1 0
github.com/Azure/gocover/pkg/annotation/annotation.go:118.9,121.4 1 0
github.com/Azure/gocover/pkg/annotation/annotation.go:129.157,130.35 1 0
github.com/Azure/gocover/pkg/annotation/annotation.go:134.2,134.64 1 0
github.com/Azure/gocover/pkg/annotation/annotation.go:138.2,138.13 1 0
github.com/Azure/gocover/pkg/annotation/annotation.go:160.2,162.55 2 0
github.com/Azure/gocover/pkg/annotation/annotation.go:175.2,175.33 1 0
github.com/Azure/gocover/pkg/annotation/annotation.go:130.35,132.3 1 0
github.com/Azure/gocover/pkg/annotation/annotation.go:134.64,136.3 1 0
github.com/Azure/gocover/pkg/annotation/annotation.go:139.9,139.9 0 0
github.com/Azure/gocover/pkg/annotation/annotation.go:140.10,151.122 1 0
github.com/Azure/gocover/pkg/annotation/annotation.go:155.3,155.38 1 0
github.com/Azure/gocover/pkg/annotation/annotation.go:151.122,153.9 2 0
github.com/Azure/gocover/pkg/annotation/annotation.go:155.38,157.4 1 0
github.com/Azure/gocover/pkg/annotation/annotation.go:162.55,166.67 2 0
github.com/Azure/gocover/pkg/annotation/annotation.go:172.3,172.52 1 0
github.com/Azure/gocover/pkg/annotation/annotation.go:166.67,171.4 2 0
github.com/Azure/gocover/pkg/annotation/annotation.go:178.81,181.18 2 0
github.com/Azure/gocover/pkg/annotation/annotation.go:185.2,190.27 5 0
github.com/Azure/gocover/pkg/annotation/annotation.go:194.2,194.21 1 0
github.com/Azure/gocover/pkg/annotation/annotation.go:201.2,201.35 1 0
github.com/Azure/gocover/pkg/annotation/annotation.go:181.18,183.3 1 0
github.com/Azure/gocover/pkg/annotation/annotation.go:190.27,192.3 1 0
github.com/Azure/gocover/pkg/annotation/annotation.go:194.21,199.3 1 0
github.com/Azure/gocover/pkg/annotation/annotation.go:206.39,206.56 1 0
github.com/Azure/gocover/pkg/annotation/annotation.go:207.39,207.66 1 0
github.com/Azure/gocover/pkg/annotation/annotation.go:208.44,211.2 2 0
github.com/Azure/gocover/pkg/parser/packages.go:91.49,92.23 1 1
github.com/Azure/gocover/pkg/parser/packages.go:95.2,95.43 1 1
github.com/Azure/gocover/pkg/parser/packages.go:98.2,98.32 1 1
github.com/Azure/gocover/pkg/parser/packages.go:104.2,104.12 1 1
github.com/Azure/gocover/pkg/parser/packages.go:92.23,94.3 1 1
github.com/Azure/gocover/pkg/parser/packages.go:95.43,97.3 1 1
github.com/Azure/gocover/pkg/parser/packages.go:98.32,100.17 2 1
github.com/Azure/gocover/pkg/parser/packages.go:100.17,102.4 1 1
github.com/Azure/gocover/pkg/parser/packages.go:109.51,110.23 1 1
github.com/Azure/gocover/pkg/parser/packages.go:113.2,113.23 1 1
github.com/Azure/gocover/pkg/parser/packages.go:116.2,116.44 1 1
github.com/Azure/gocover/pkg/parser/packages.go:119.2,119.45 1 1
github.com/Azure/gocover/pkg/parser/packages.go:122.2,122.33 1 1
github.com/Azure/gocover/pkg/parser/packages.go:128.2,128.12 1 1
github.com/Azure/gocover/pkg/parser/packages.go:110.23,112.3 1 1
github.com/Azure/gocover/pkg/parser/packages.go:113.23,115.3 1 1
github.com/Azure/gocover/pkg/parser/packages.go:116.44,118.3 1 1
github.com/Azure/gocover/pkg/parser/packages.go:119.45,121.3 1 1
github.com/Azure/gocover/pkg/parser/packages.go:122.33,124.17 2 1
github.com/Azure/gocover/pkg/parser/packages.go:124.17,126.4 1 1
github.com/Azure/gocover/pkg/parser/packages.go:133.53,134.44 1 1
github.com/Azure/gocover/pkg/parser/packages.go:137.2,138.12 2 1
github.com/Azure/gocover/pkg/parser/packages.go:134.44,136.3 1 1
github.com/Azure/gocover/pkg/parser/packages.go:147.44,148.46 1 0
github.com/Azure/gocover/pkg/parser/packages.go:151.2,151.45 1 0
github.com/Azure/gocover/pkg/parser/packages.go:148.46,150.3 1 0
github.com/Azure/gocover/pkg/parser/packages.go:151.45,153.3 1 0
github.com/Azure/gocover/pkg/parser/packages.go:153.8,157.3 3 0
github.com/Azure/gocover/pkg/parser/packages.go:165.64,173.24 6 0
github.com/Azure/gocover/pkg/parser/packages.go:182.2,183.30 2 0
github.com/Azure/gocover/pkg/parser/packages.go:197.2,197.29 1 0
github.com/Azure/gocover/pkg/parser/packages.go:211.2,211.16 1 0
github.com/Azure/gocover/pkg/parser/packages.go:173.24,174.35 1 0
github.com/Azure/gocover/pkg/parser/packages.go:174.35,175.34 1 0
github.com/Azure/gocover/pkg/parser/packages.go:175.34,177.5 1 0
github.com/Azure/gocover/pkg/parser/packages.go:183.30,184.15 1 0
github.com/Azure/gocover/pkg/parser/packages.go:184.15,186.4 1 0
github.com/Azure/gocover/pkg/parser/packages.go:186.9,188.18 2 0
github.com/Azure/gocover/pkg/parser/packages.go:191.4,192.35 2 0
github.com/Azure/gocover/pkg/parser/packages.go:188.18,190.5 1 0
github.com/Azure/gocover/pkg/parser/packages.go:197.29,199.17 2 0
github.com/Azure/gocover/pkg/parser/packages.go:202.3,204.17 3 0
github.com/Azure/gocover/pkg/parser/packages.go:207.3,207.37 1 0
github.com/Azure/gocover/pkg/parser/packages.go:199.17,201.4 1 0
github.com/Azure/gocover/pkg/parser/packages.go:204.17,206.4 1 0
github.com/Azure/gocover/pkg/parser/packages.go:207.37,209.4 1 0
github.com/Azure/gocover/pkg/gocover/fullcover.go:17.51,24.19 3 0
github.com/Azure/gocover/pkg/gocover/fullcover.go:27.2,29.38 2 0
github.com/Azure/gocover/pkg/gocover/fullcover.go:36.2,37.16 2 0
github.com/Azure/gocover/pkg/gocover/fullcover.go:41.2,42.16 2 0
github.com/Azure/gocover/pkg/gocover/fullcover.go:46.2,60.8 2 0
github.com/Azure/gocover/pkg/gocover/fullcover.go:24.19,26.3 1 0
github.com/Azure/gocover/pkg/gocover/fullcover.go:29.38,31.17 2 0
github.com/Azure/gocover/pkg/gocover/fullcover.go:31.17,33.4 1 0
github.com/Azure/gocover/pkg/gocover/fullcover.go:37.16,39.3 1 0
github.com/Azure/gocover/pkg/gocover/fullcover.go:42.16,44.3 1 0
github.com/Azure/gocover/pkg/gocover/fullcover.go:82.55,85.16 2 0
github.com/Azure/gocover/pkg/gocover/fullcover.go:89.2,89.72 1 0
github.com/Azure/gocover/pkg/gocover/fullcover.go:93.2,93.39 1 0
github.com/Azure/gocover/pkg/gocover/fullcover.go:97.2,97.12 1 0
github.com/Azure/gocover/pkg/gocover/fullcover.go:85.16,87.3 1 0
github.com/Azure/gocover/pkg/gocover/fullcover.go:89.72,91.3 1 0
github.com/Azure/gocover/pkg/gocover/fullcover.go:93.39,95.3 1 0
github.com/Azure/gocover/pkg/gocover/fullcover.go:100.56,103.26 2 0
github.com/Azure/gocover/pkg/gocover/fullcover.go:114.2,115.12 2 0
github.com/Azure/gocover/pkg/gocover/fullcover.go:103.26,105.17 2 0
github.com/Azure/gocover/pkg/gocover/fullcover.go:108.3,109.17 2 0
github.com/Azure/gocover/pkg/gocover/fullcover.go:105.17,107.4 1 0
github.com/Azure/gocover/pkg/gocover/fullcover.go:109.17,111.4 1 0
github.com/Azure/gocover/pkg/gocover/fullcover.go:118.73,120.16 2 0
github.com/Azure/gocover/pkg/gocover/fullcover.go:124.2,129.31 4 0
github.com/Azure/gocover/pkg/gocover/fullcover.go:210.2,214.24 3 0
github.com/Azure/gocover/pkg/gocover/fullcover.go:120.16,122.3 1 0
github.com/Azure/gocover/pkg/gocover/fullcover.go:129.31,134.17 4 0
github.com/Azure/gocover/pkg/gocover/fullcover.go:138.3,138.37 1 0
github.com/Azure/gocover/pkg/gocover/fullcover.go:134.17,136.4 1 0
github.com/Azure/gocover/pkg/gocover/fullcover.go:138.37,145.10 1 0
github.com/Azure/gocover/pkg/gocover/fullcover.go:150.4,151.11 2 0
github.com/Azure/gocover/pkg/gocover/fullcover.go:159.4,160.18 2 0
github.com/Azure/gocover/pkg/gocover/fullcover.go:164.4,169.50 2 0
github.com/Azure/gocover/pkg/gocover/fullcover.go:173.4,177.38 4 0
github.com/Azure/gocover/pkg/gocover/fullcover.go:196.4,203.16 7 0
github.com/Azure/gocover/pkg/gocover/fullcover.go:145.10,146.13 1 0
github.com/Azure/gocover/pkg/gocover/fullcover.go:151.11,157.5 3 0
github.com/Azure/gocover/pkg/gocover/fullcover.go:160.18,162.5 1 0
github.com/Azure/gocover/pkg/gocover/fullcover.go:169.50,171.5 1 0
github.com/Azure/gocover/pkg/gocover/fullcover.go:177.38,181.33 3 0
github.com/Azure/gocover/pkg/gocover/fullcover.go:186.5,186.23 1 0
github.com/Azure/gocover/pkg/gocover/fullcover.go:181.33,185.6 3 0
github.com/Azure/gocover/pkg/gocover/fullcover.go:186.23,189.6 2 0
github.com/Azure/gocover/pkg/gocover/fullcover.go:189.11,192.6 2 0
github.com/Azure/gocover/pkg/gocover/fullcover.go:203.16,205.5 1 0
github.com/Azure/gocover/pkg/gocover/options.go:30.34,35.2 1 0
github.com/Azure/gocover/pkg/gocover/options.go:37.39,39.2 1 0
github.com/Azure/gocover/pkg/gocover/options.go:62.34,68.2 1 0
github.com/Azure/gocover/pkg/gocover/options.go:70.39,72.2 1 0
github.com/Azure/gocover/pkg/gocover/options.go:115.48,121.2 1 0
github.com/Azure/gocover/main.go:22.13,24.42 2 0
github.com/Azure/gocover/main.go:24.42,27.25 3 0
github.com/Azure/gocover/main.go:30.3,30.20 1 0
github.com/Azure/gocover/main.go:27.25,29.4 1 0
github.com/Azure/gocover/pkg/parser/parser.go:24.11,32.2 1 0
github.com/Azure/gocover/pkg/parser/parser.go:45.74,46.60 1 0
github.com/Azure/gocover/pkg/parser/parser.go:50.2,50.51 1 0
github.com/Azure/gocover/pkg/parser/parser.go:55.2,57.41 2 0
github.com/Azure/gocover/pkg/parser/parser.go:64.2,64.38 1 0
github.com/Azure/gocover/pkg/parser/parser.go:68.2,68.20 1 0
github.com/Azure/gocover/pkg/parser/parser.go:46.60,49.3 2 0
github.com/Azure/gocover/pkg/parser/parser.go:50.51,53.3 2 0
github.com/Azure/gocover/pkg/parser/parser.go:57.41,58.74 1 0
github.com/Azure/gocover/pkg/parser/parser.go:58.74,61.4 2 0
github.com/Azure/gocover/pkg/parser/parser.go:64.38,66.3 1 0
github.com/Azure/gocover/pkg/parser/parser.go:74.76,76.56 1 1
github.com/Azure/gocover/pkg/parser/parser.go:94.2,94.12 1 1
github.com/Azure/gocover/pkg/parser/parser.go:76.56,78.17 2 1
github.com/Azure/gocover/pkg/parser/parser.go:82.3,82.21 1 1
github.com/Azure/gocover/pkg/parser/parser.go:87.3,87.30 1 1
github.com/Azure/gocover/pkg/parser/parser.go:78.17,80.4 1 0
github.com/Azure/gocover/pkg/parser/parser.go:82.21,84.12 2 1
github.com/Azure/gocover/pkg/parser/parser.go:87.30,88.37 1 1
github.com/Azure/gocover/pkg/parser/parser.go:88.37,90.5 1 1
github.com/Azure/gocover/pkg/parser/parser.go:98.49,100.47 1 1
github.com/Azure/gocover/pkg/parser/parser.go:116.2,116.12 1 1
github.com/Azure/gocover/pkg/parser/parser.go:100.47,102.16 2 1
github.com/Azure/gocover/pkg/parser/parser.go:105.3,106.10 2 1
github.com/Azure/gocover/pkg/parser/parser.go:102.16,104.4 1 1
github.com/Azure/gocover/pkg/parser/parser.go:106.10,108.18 2 1
github.com/Azure/gocover/pkg/parser/parser.go:111.4,112.68 2 1
github.com/Azure/gocover/pkg/parser/parser.go:108.18,110.5 1 0
github.com/Azure/gocover/pkg/parser/parser.go:125.86,127.16 2 0
github.com/Azure/gocover/pkg/parser/parser.go:131.2,134.16 3 0
github.com/Azure/gocover/pkg/parser/parser.go:139.2,140.16 2 0
github.com/Azure/gocover/pkg/parser/parser.go:144.2,144.26 1 0
github.com/Azure/gocover/pkg/parser/parser.go:158.2,159.16 2 0
github.com/Azure/gocover/pkg/parser/parser.go:163.2,164.29 2 0
github.com/Azure/gocover/pkg/parser/parser.go:192.2,193.26 2 0
github.com/Azure/gocover/pkg/parser/parser.go:225.2,226.12 2 0
github.com/Azure/gocover/pkg/parser/parser.go:127.16,130.3 2 0
github.com/Azure/gocover/pkg/parser/parser.go:134.16,137.3 2 0
github.com/Azure/gocover/pkg/parser/parser.go:140.16,143.3 2 0
github.com/Azure/gocover/pkg/parser/parser.go:144.26,145.51 1 0
github.com/Azure/gocover/pkg/parser/parser.go:145.51,147.4 1 0
github.com/Azure/gocover/pkg/parser/parser.go:147.9,148.44 1 0
github.com/Azure/gocover/pkg/parser/parser.go:148.44,150.5 1 0
github.com/Azure/gocover/pkg/parser/parser.go:159.16,162.3 2 0
github.com/Azure/gocover/pkg/parser/parser.go:164.29,173.31 2 0
github.com/Azure/gocover/pkg/parser/parser.go:188.3,188.43 1 0
github.com/Azure/gocover/pkg/parser/parser.go:173.31,187.4 3 0
github.com/Azure/gocover/pkg/parser/parser.go:193.26,195.28 1 0
github.com/Azure/gocover/pkg/parser/parser.go:195.28,196.87 1 0
github.com/Azure/gocover/pkg/parser/parser.go:201.4,201.87 1 0
github.com/Azure/gocover/pkg/parser/parser.go:206.4,208.28 2 0
github.com/Azure/gocover/pkg/parser/parser.go:221.4,221.9 1 0
github.com/Azure/gocover/pkg/parser/parser.go:196.87,199.10 2 0
github.com/Azure/gocover/pkg/parser/parser.go:201.87,203.13 1 0
github.com/Azure/gocover/pkg/parser/parser.go:208.28,209.53 1 0
github.com/Azure/gocover/pkg/parser/parser.go:209.53,212.6 2 0
github.com/Azure/gocover/pkg/parser/parser.go:212.11,214.52 1 0
github.com/Azure/gocover/pkg/parser/parser.go:214.52,217.7 2 0
github.com/Azure/gocover/pkg/parser/parser.go:230.90,232.15 2 0
github.com/Azure/gocover/pkg/parser/parser.go:235.2,236.9 2 0
github.com/Azure/gocover/pkg/parser/parser.go:240.2,240.58 1 0
github.com/Azure/gocover/pkg/parser/parser.go:232.15,234.3 1 0
github.com/Azure/gocover/pkg/parser/parser.go:236.9,238.3 1 0
github.com/Azure/gocover/pkg/parser/parser.go:244.52,247.16 3 0
github.com/Azure/gocover/pkg/parser/parser.go:250.2,252.27 3 0
github.com/Azure/gocover/pkg/parser/parser.go:247.16,249.3 1 0
github.com/Azure/gocover/pkg/parser/parser.go:280.43,282.19 2 0
github.com/Azure/gocover/pkg/parser/parser.go:282.19,284.3 1 0
github.com/Azure/gocover/pkg/parser/parser.go:284.8,288.3 1 0
github.com/Azure/gocover/pkg/parser/parser.go:291.34,292.23 1 0
github.com/Azure/gocover/pkg/parser/parser.go:293.21,294.23 1 0
github.com/Azure/gocover/pkg/parser/parser.go:295.22,296.65 1 0
github.com/Azure/gocover/pkg/parser/parser.go:297.18,298.16 1 0
github.com/Azure/gocover/pkg/parser/parser.go:299.10,300.12 1 0
github.com/Azure/gocover/pkg/parser/parser.go:305.56,308.26 3 0
github.com/Azure/gocover/pkg/parser/parser.go:315.2,315.17 1 0
github.com/Azure/gocover/pkg/parser/parser.go:336.2,336.10 1 0
github.com/Azure/gocover/pkg/parser/parser.go:309.20,310.16 1 0
github.com/Azure/gocover/pkg/parser/parser.go:311.21,313.25 2 0
github.com/Azure/gocover/pkg/parser/parser.go:315.17,318.17 3 0
github.com/Azure/gocover/pkg/parser/parser.go:321.3,334.21 4 0
github.com/Azure/gocover/pkg/parser/parser.go:318.17,320.4 1 0
github.com/Azure/gocover/pkg/parser/parser.go:344.45,346.23 2 0
github.com/Azure/gocover/pkg/parser/parser.go:402.2,402.23 1 0
github.com/Azure/gocover/pkg/parser/parser.go:405.2,405.40 1 0
github.com/Azure/gocover/pkg/parser/parser.go:347.22,348.23 1 0
github.com/Azure/gocover/pkg/parser/parser.go:349.23,350.23 1 0
github.com/Azure/gocover/pkg/parser/parser.go:351.23,352.23 1 0
github.com/Azure/gocover/pkg/parser/parser.go:353.20,354.20 1 0
github.com/Azure/gocover/pkg/parser/parser.go:357.3,357.20 1 0
github.com/Azure/gocover/pkg/parser/parser.go:360.3,360.22 1 0
github.com/Azure/gocover/pkg/parser/parser.go:361.19,362.20 1 0
github.com/Azure/gocover/pkg/parser/parser.go:365.3,366.20 2 0
github.com/Azure/gocover/pkg/parser/parser.go:384.24,385.22 1 0
github.com/Azure/gocover/pkg/parser/parser.go:386.22,387.22 1 0
github.com/Azure/gocover/pkg/parser/parser.go:388.23,389.22 1 0
github.com/Azure/gocover/pkg/parser/parser.go:390.23,391.20 1 0
github.com/Azure/gocover/pkg/parser/parser.go:394.3,394.22 1 0
github.com/Azure/gocover/pkg/parser/parser.go:395.27,396.20 1 0
github.com/Azure/gocover/pkg/parser/parser.go:399.3,400.22 2 0
github.com/Azure/gocover/pkg/parser/parser.go:354.20,356.4 1 0
github.com/Azure/gocover/pkg/parser/parser.go:357.20,359.4 1 0
github.com/Azure/gocover/pkg/parser/parser.go:362.20,364.4 1 0
github.com/Azure/gocover/pkg/parser/parser.go:366.20,369.33 2 0
github.com/Azure/gocover/pkg/parser/parser.go:382.4,382.23 1 0
github.com/Azure/gocover/pkg/parser/parser.go:370.21,376.19 2 0
github.com/Azure/gocover/pkg/parser/parser.go:377.24,378.32 1 0
github.com/Azure/gocover/pkg/parser/parser.go:379.12,380.40 1 0
github.com/Azure/gocover/pkg/parser/parser.go:391.20,393.4 1 0
github.com/Azure/gocover/pkg/parser/parser.go:396.20,398.4 1 0
github.com/Azure/gocover/pkg/parser/parser.go:402.23,404.3 1 0
github.com/Azure/gocover/pkg/parser/parser.go:405.40,407.19 2 0
github.com/Azure/gocover/pkg/parser/parser.go:422.3,422.17 1 0
github.com/Azure/gocover/pkg/parser/parser.go:408.57,409.9 1 0
github.com/Azure/gocover/pkg/parser/parser.go:410.11,420.51 3 0
github.com/Azure/gocover/pkg/parser/parser.go:429.91,430.19 1 1
github.com/Azure/gocover/pkg/parser/parser.go:433.2,433.26 1 1
github.com/Azure/gocover/pkg/parser/parser.go:437.2,440.36 3 1
github.com/Azure/gocover/pkg/parser/parser.go:430.19,432.3 1 1
github.com/Azure/gocover/pkg/parser/parser.go:433.26,435.3 1 1
github.com/Azure/gocover/pkg/parser/parser.go:440.36,441.63 1 1
github.com/Azure/gocover/pkg/parser/parser.go:441.63,442.51 1 1
github.com/Azure/gocover/pkg/parser/parser.go:442.51,444.5 1 1
github.com/Azure/gocover/pkg/parser/parser.go:449.35,452.2 2 1
github.com/Azure/gocover/pkg/parser/parser.go:463.102,464.55 1 1
github.com/Azure/gocover/pkg/parser/parser.go:468.2,468.14 1 1
github.com/Azure/gocover/pkg/parser/parser.go:472.2,475.67 3 1
github.com/Azure/gocover/pkg/parser/parser.go:464.55,466.3 1 1
github.com/Azure/gocover/pkg/parser/parser.go:468.14,470.3 1 1
github.com/Azure/gocover/pkg/parser/parser.go:475.67,481.3 2 1
github.com/Azure/gocover/pkg/parser/parser.go:484.66,486.2 1 1
github.com/Azure/gocover/pkg/parser/parser.go:490.42,490.59 1 1
github.com/Azure/gocover/pkg/parser/parser.go:491.42,491.69 1 1
github.com/Azure/gocover/pkg/parser/parser.go:492.47,495.2 2 1
github.com/Azure/gocover/pkg/parser/parser.go:498.84,499.33 1 1
github.com/Azure/gocover/pkg/parser/parser.go:504.2,504.12 1 1
github.com/Azure/gocover/pkg/parser/parser.go:499.33,500.50 1 1
github.com/Azure/gocover/pkg/parser/parser.go:500.50,502.4 1 1
github.com/Azure/gocover/pkg/parser/parser.go:508.48,510.2 1 1
github.com/Azure/gocover/pkg/dbclient/client.go:64.37,65.30 1 0
github.com/Azure/gocover/pkg/dbclient/client.go:69.2,69.23 1 0
github.com/Azure/gocover/pkg/dbclient/client.go:72.2,72.61 1 0
github.com/Azure/gocover/pkg/dbclient/client.go:65.30,67.3 1 0
github.com/Azure/gocover/pkg/dbclient/client.go:69.23,71.3 1 0
github.com/Azure/gocover/pkg/dbclient/client.go:75.77,76.18 1 0
github.com/Azure/gocover/pkg/dbclient/client.go:77.13,79.40 2 0
github.com/Azure/gocover/pkg/dbclient/client.go:80.10,81.67 1 0
github.com/Azure/gocover/pkg/report/tree.go:41.54,46.2 1 0
github.com/Azure/gocover/pkg/report/tree.go:48.54,54.2 1 0
github.com/Azure/gocover/pkg/report/tree.go:72.53,81.2 1 0
github.com/Azure/gocover/pkg/report/tree.go:83.48,87.48 3 0
github.com/Azure/gocover/pkg/report/tree.go:112.2,113.15 2 0
github.com/Azure/gocover/pkg/report/tree.go:87.48,88.18 1 0
github.com/Azure/gocover/pkg/report/tree.go:92.3,93.29 2 0
github.com/Azure/gocover/pkg/report/tree.go:97.3,106.32 2 0
github.com/Azure/gocover/pkg/report/tree.go:88.18,90.4 1 0
github.com/Azure/gocover/pkg/report/tree.go:93.29,95.4 1 0
github.com/Azure/gocover/pkg/report/tree.go:106.32,108.4 1 0
github.com/Azure/gocover/pkg/report/tree.go:116.55,121.30 4 0
github.com/Azure/gocover/pkg/report/tree.go:128.2,128.20 1 0
github.com/Azure/gocover/pkg/report/tree.go:121.30,122.46 1 0
github.com/Azure/gocover/pkg/report/tree.go:122.46,124.4 1 0
github.com/Azure/gocover/pkg/report/tree.go:124.9,126.4 1 0
github.com/Azure/gocover/pkg/report/tree.go:131.60,137.30 5 0
github.com/Azure/gocover/pkg/report/tree.go:147.2,147.42 1 0
github.com/Azure/gocover/pkg/report/tree.go:151.2,153.13 3 0
github.com/Azure/gocover/pkg/report/tree.go:137.30,138.46 1 0
github.com/Azure/gocover/pkg/report/tree.go:138.46,140.4 1 0
github.com/Azure/gocover/pkg/report/tree.go:140.9,144.4 3 0
github.com/Azure/gocover/pkg/report/tree.go:147.42,149.3 1 0
github.com/Azure/gocover/pkg/report/tree.go:156.46,158.2 1 0
github.com/Azure/gocover/pkg/report/tree.go:163.66,165.17 1 0
github.com/Azure/gocover/pkg/report/tree.go:170.2,175.34 6 0
github.com/Azure/gocover/pkg/report/tree.go:184.2,194.27 6 0
github.com/Azure/gocover/pkg/report/tree.go:165.17,167.3 1 0
github.com/Azure/gocover/pkg/report/tree.go:175.34,182.3 6 0
